Using pre-set license
Built from '2021.3/staging' branch; Version is '2021.3.11f1 (0a5ca18544bf) revision 679073'; Using compiler version '192829333'; Build Type 'Release'
OS: 'Windows 10  (10.0.19044) 64bit Professional' Language: 'zh' Physical Memory: 16313 MB
BatchMode: 1, IsHumanControllingUs: 0, StartBugReporterOnCrash: 0, Is64bit: 1, IsPro: 1

COMMAND LINE ARGUMENTS:
D:\unity\2021.3.11f1\Editor\Unity.exe
-adb2
-batchMode
-noUpm
-name
AssetImportWorker3
-projectPath
D:/p4/COMP602-Plane-war/My project
-logFile
Logs/AssetImportWorker3.log
-srvPort
65186
Successfully changed project path to: D:/p4/COMP602-Plane-war/My project
D:/p4/COMP602-Plane-war/My project
[UnityMemory] Configuration Parameters - Can be set up in boot.config
    "memorysetup-bucket-allocator-granularity=16"
    "memorysetup-bucket-allocator-bucket-count=8"
    "memorysetup-bucket-allocator-block-size=33554432"
    "memorysetup-bucket-allocator-block-count=8"
    "memorysetup-main-allocator-block-size=16777216"
    "memorysetup-thread-allocator-block-size=16777216"
    "memorysetup-gfx-main-allocator-block-size=16777216"
    "memorysetup-gfx-thread-allocator-block-size=16777216"
    "memorysetup-cache-allocator-block-size=4194304"
    "memorysetup-typetree-allocator-block-size=2097152"
    "memorysetup-profiler-bucket-allocator-granularity=16"
    "memorysetup-profiler-bucket-allocator-bucket-count=8"
    "memorysetup-profiler-bucket-allocator-block-size=33554432"
    "memorysetup-profiler-bucket-allocator-block-count=8"
    "memorysetup-profiler-allocator-block-size=16777216"
    "memorysetup-profiler-editor-allocator-block-size=1048576"
    "memorysetup-temp-allocator-size-main=16777216"
    "memorysetup-job-temp-allocator-block-size=2097152"
    "memorysetup-job-temp-allocator-block-size-background=1048576"
    "memorysetup-job-temp-allocator-reduction-small-platforms=262144"
    "memorysetup-temp-allocator-size-background-worker=32768"
    "memorysetup-temp-allocator-size-job-worker=262144"
    "memorysetup-temp-allocator-size-preload-manager=33554432"
    "memorysetup-temp-allocator-size-nav-mesh-worker=65536"
    "memorysetup-temp-allocator-size-audio-worker=65536"
    "memorysetup-temp-allocator-size-cloud-worker=32768"
    "memorysetup-temp-allocator-size-gi-baking-worker=262144"
    "memorysetup-temp-allocator-size-gfx=262144"
Refreshing native plugins compatible for Editor in 149.65 ms, found 4 plugins.
Preloading 0 native plugins for Editor in 0.00 ms.
Initialize engine version: 2021.3.11f1 (0a5ca18544bf)
[Subsystems] Discovering subsystems at path D:/unity/2021.3.11f1/Editor/Data/Resources/UnitySubsystems
[Subsystems] Discovering subsystems at path D:/p4/COMP602-Plane-war/My project/Assets
GfxDevice: creating device client; threaded=0; jobified=0
Direct3D:
    Version:  Direct3D 11.0 [level 11.1]
    Renderer: NVIDIA GeForce RTX 2060 (ID=0x1f08)
    Vendor:   NVIDIA
    VRAM:     5980 MB
    Driver:   30.0.15.1179
Initialize mono
Mono path[0] = 'D:/unity/2021.3.11f1/Editor/Data/Managed'
Mono path[1] = 'D:/unity/2021.3.11f1/Editor/Data/MonoBleedingEdge/lib/mono/unityjit-win32'
Mono config path = 'D:/unity/2021.3.11f1/Editor/Data/MonoBleedingEdge/etc'
Using monoOptions --debugger-agent=transport=dt_socket,embedding=1,server=y,suspend=n,address=127.0.0.1:56712
Begin MonoManager ReloadAssembly
Registering precompiled unity dll's ...
Register platform support module: D:/unity/2021.3.11f1/Editor/Data/PlaybackEngines/WebGLSupport/UnityEditor.WebGL.Extensions.dll
Register platform support module: D:/unity/2021.3.11f1/Editor/Data/PlaybackEngines/WindowsStandaloneSupport/UnityEditor.WindowsStandalone.Extensions.dll
Registered in 0.003574 seconds.
Native extension for WindowsStandalone target not found
Native extension for WebGL target not found
Refreshing native plugins compatible for Editor in 144.05 ms, found 4 plugins.
Preloading 0 native plugins for Editor in 0.00 ms.
Mono: successfully reloaded assembly
- Completed reload, in  0.745 seconds
Domain Reload Profiling:
	ReloadAssembly (746ms)
		BeginReloadAssembly (77ms)
			ExecutionOrderSort (0ms)
			DisableScriptedObjects (0ms)
			BackupInstance (0ms)
			ReleaseScriptingObjects (0ms)
			CreateAndSetChildDomain (1ms)
		EndReloadAssembly (558ms)
			LoadAssemblies (75ms)
			RebuildTransferFunctionScriptingTraits (0ms)
			SetupTypeCache (125ms)
			ReleaseScriptCaches (0ms)
			RebuildScriptCaches (33ms)
			SetupLoadedEditorAssemblies (339ms)
				LogAssemblyErrors (0ms)
				InitializePlatformSupportModulesInManaged (9ms)
				SetLoadedEditorAssemblies (0ms)
				RefreshPlugins (144ms)
				BeforeProcessingInitializeOnLoad (1ms)
				ProcessInitializeOnLoadAttributes (134ms)
				ProcessInitializeOnLoadMethodAttributes (50ms)
				AfterProcessingInitializeOnLoad (0ms)
				EditorAssembliesLoaded (0ms)
			ExecutionOrderSort2 (0ms)
			AwakeInstancesAfterBackupRestoration (0ms)
Platform modules already initialized, skipping
Registering precompiled user dll's ...
Registered in 0.008669 seconds.
Begin MonoManager ReloadAssembly
Symbol file LoadedFromMemory doesn't match image D:\p4\COMP602-Plane-war\My project\Library\PackageCache\com.unity.visualscripting@1.7.8\Editor\VisualScripting.Core\Dependencies\DotNetZip\Unity.VisualScripting.IonicZip.dll
Symbol file LoadedFromMemory doesn't match image D:\p4\COMP602-Plane-war\My project\Library\PackageCache\com.unity.visualscripting@1.7.8\Editor\VisualScripting.Core\Dependencies\YamlDotNet\Unity.VisualScripting.YamlDotNet.dll
Native extension for WindowsStandalone target not found
Native extension for WebGL target not found
Refreshing native plugins compatible for Editor in 157.11 ms, found 4 plugins.
Preloading 0 native plugins for Editor in 0.00 ms.
Package Manager log level set to [2]
Mono: successfully reloaded assembly
- Completed reload, in  2.107 seconds
Domain Reload Profiling:
	ReloadAssembly (2108ms)
		BeginReloadAssembly (130ms)
			ExecutionOrderSort (0ms)
			DisableScriptedObjects (7ms)
			BackupInstance (0ms)
			ReleaseScriptingObjects (0ms)
			CreateAndSetChildDomain (23ms)
		EndReloadAssembly (1834ms)
			LoadAssemblies (120ms)
			RebuildTransferFunctionScriptingTraits (0ms)
			SetupTypeCache (660ms)
			ReleaseScriptCaches (1ms)
			RebuildScriptCaches (81ms)
			SetupLoadedEditorAssemblies (923ms)
				LogAssemblyErrors (0ms)
				InitializePlatformSupportModulesInManaged (5ms)
				SetLoadedEditorAssemblies (0ms)
				RefreshPlugins (157ms)
				BeforeProcessingInitializeOnLoad (149ms)
				ProcessInitializeOnLoadAttributes (392ms)
				ProcessInitializeOnLoadMethodAttributes (216ms)
				AfterProcessingInitializeOnLoad (4ms)
				EditorAssembliesLoaded (0ms)
			ExecutionOrderSort2 (0ms)
			AwakeInstancesAfterBackupRestoration (8ms)
Platform modules already initialized, skipping
========================================================================
Worker process is ready to serve import requests
Launched and connected shader compiler UnityShaderCompiler.exe after 0.74 seconds
Refreshing native plugins compatible for Editor in 1.40 ms, found 4 plugins.
Preloading 0 native plugins for Editor in 0.00 ms.
Unloading 6209 Unused Serialized files (Serialized files now loaded: 0)
Unloading 80 unused Assets / (0.7 MB). Loaded Objects now: 6628.
Memory consumption went from 238.3 MB to 237.6 MB.
Total: 8.950300 ms (FindLiveObjects: 0.664200 ms CreateObjectMapping: 0.178400 ms MarkObjects: 7.608800 ms  DeleteObjects: 0.497000 ms)

AssetImportParameters requested are different than current active one (requested -> active):
  custom:video-decoder-ogg-theora: a1e56fd34408186e4bbccfd4996cb3dc -> 
  custom:container-muxer-webm: aa71ff27fc2769a1b78a27578f13a17b -> 
  custom:container-demuxer-webm: 4f35f7cbe854078d1ac9338744f61a02 -> 
  custom:video-encoder-webm-vp8: eb34c28f22e8b96e1ab97ce403110664 -> 
  custom:audio-encoder-webm-vorbis: bf7c407c2cedff20999df2af8eb42d56 -> 
  custom:framework-win-MediaFoundation: 216162199b28c13a410421893ffa2e32 -> 
  custom:container-demuxer-ogg: 62fdf1f143b41e24485cea50d1cbac27 -> 
  custom:video-decoder-webm-vp8: 9c59270c3fd7afecdb556c50c9e8de78 -> 
  custom:audio-decoder-ogg-vorbis: bf7c407c2cedff20999df2af8eb42d56 -> 
========================================================================
Received Import Request.
  Time since last request: 182656.616554 seconds.
  path: Assets/素材/下载.jpg
  artifactKey: Guid(6c41f06973318ed47889110eb11decfc) Importer(815301076,1909f56bfc062723c751e8b465ee728b)
Start importing Assets/素材/下载.jpg using Guid(6c41f06973318ed47889110eb11decfc) Importer(815301076,1909f56bfc062723c751e8b465ee728b)  -> (artifact id: 'ce6affe83cb731e4b060f8b9e717afbc') in 0.301012 seconds 
========================================================================
Received Import Request.
  Time since last request: 3373.211484 seconds.
  path: Assets/Simple UI (V.1.0)/Audio_Off_Button.png
  artifactKey: Guid(f541cd065ce8e724fb8cac32224604b2) Importer(815301076,1909f56bfc062723c751e8b465ee728b)
Start importing Assets/Simple UI (V.1.0)/Audio_Off_Button.png using Guid(f541cd065ce8e724fb8cac32224604b2) Importer(815301076,1909f56bfc062723c751e8b465ee728b)  -> (artifact id: '77581bfd8ae8a2f5cf1b6da73cc424bb') in 0.153641 seconds 
========================================================================
Received Import Request.
  Time since last request: 0.000232 seconds.
  path: Assets/Simple UI (V.1.0)/Left_Button_02.png
  artifactKey: Guid(2d189c49e2fd42c46ad5dbb57c67a9f0) Importer(815301076,1909f56bfc062723c751e8b465ee728b)
Start importing Assets/Simple UI (V.1.0)/Left_Button_02.png using Guid(2d189c49e2fd42c46ad5dbb57c67a9f0) Importer(815301076,1909f56bfc062723c751e8b465ee728b)  -> (artifact id: 'd31f503b10d3c44059f830fa9d007e65') in 0.047171 seconds 
========================================================================
Received Import Request.
  Time since last request: 0.000043 seconds.
  path: Assets/Simple UI (V.1.0)/Facebook_Button.png
  artifactKey: Guid(ac94c5d0040f6f04894ce17c015c0ffb) Importer(815301076,1909f56bfc062723c751e8b465ee728b)
Start importing Assets/Simple UI (V.1.0)/Facebook_Button.png using Guid(ac94c5d0040f6f04894ce17c015c0ffb) Importer(815301076,1909f56bfc062723c751e8b465ee728b)  -> (artifact id: 'cdbd71902fb0f9d865dde67ffcf39f20') in 0.105874 seconds 
========================================================================
Received Import Request.
  Time since last request: 0.000037 seconds.
  path: Assets/Simple UI (V.1.0)/Home_Button.png
  artifactKey: Guid(d4ff04d9b08ec134d88732fdd2e59f03) Importer(815301076,1909f56bfc062723c751e8b465ee728b)
Start importing Assets/Simple UI (V.1.0)/Home_Button.png using Guid(d4ff04d9b08ec134d88732fdd2e59f03) Importer(815301076,1909f56bfc062723c751e8b465ee728b)  -> (artifact id: '5e1cfb7063b8b98900846be7bf758668') in 0.053132 seconds 
========================================================================
Received Import Request.
  Time since last request: 0.000034 seconds.
  path: Assets/Simple UI (V.1.0)/Left_Button.png
  artifactKey: Guid(adf76fc089e11834fb08fcc6c0bc5c03) Importer(815301076,1909f56bfc062723c751e8b465ee728b)
Start importing Assets/Simple UI (V.1.0)/Left_Button.png using Guid(adf76fc089e11834fb08fcc6c0bc5c03) Importer(815301076,1909f56bfc062723c751e8b465ee728b)  -> (artifact id: '904560aa30e45ae8ac3ea5b388b9a23c') in 0.112542 seconds 
========================================================================
Received Import Request.
  Time since last request: 0.000043 seconds.
  path: Assets/Simple UI (V.1.0)/Right_Button_02.png
  artifactKey: Guid(21cc1534fcf2a494a94459e3b96e785f) Importer(815301076,1909f56bfc062723c751e8b465ee728b)
Start importing Assets/Simple UI (V.1.0)/Right_Button_02.png using Guid(21cc1534fcf2a494a94459e3b96e785f) Importer(815301076,1909f56bfc062723c751e8b465ee728b)  -> (artifact id: 'c789fa36cf8d04f1e323cf4d683aee86') in 0.040372 seconds 
========================================================================
Received Import Request.
  Time since last request: 0.000044 seconds.
  path: Assets/Simple UI (V.1.0)/Blogger_Button.png
  artifactKey: Guid(938ec9d083d6b764c900226c6f454e63) Importer(815301076,1909f56bfc062723c751e8b465ee728b)
Start importing Assets/Simple UI (V.1.0)/Blogger_Button.png using Guid(938ec9d083d6b764c900226c6f454e63) Importer(815301076,1909f56bfc062723c751e8b465ee728b)  -> (artifact id: '981c12f5198deda8dbde78b3e686827f') in 0.042616 seconds 
========================================================================
Received Import Request.
  Time since last request: 0.000044 seconds.
  path: Assets/Simple UI (V.1.0)/Play_Button.png
  artifactKey: Guid(43df9310562af0a4dbcd31424f81b35f) Importer(815301076,1909f56bfc062723c751e8b465ee728b)
Start importing Assets/Simple UI (V.1.0)/Play_Button.png using Guid(43df9310562af0a4dbcd31424f81b35f) Importer(815301076,1909f56bfc062723c751e8b465ee728b)  -> (artifact id: '8df64a30384e9bf1080053a085968305') in 0.031892 seconds 
========================================================================
Received Import Request.
  Time since last request: 0.000031 seconds.
  path: Assets/Simple UI (V.1.0)/Shop.png
  artifactKey: Guid(c8caf3c46ae0db541b47471e585922c8) Importer(815301076,1909f56bfc062723c751e8b465ee728b)
Start importing Assets/Simple UI (V.1.0)/Shop.png using Guid(c8caf3c46ae0db541b47471e585922c8) Importer(815301076,1909f56bfc062723c751e8b465ee728b)  -> (artifact id: 'dd50df178bbde95acf9832202266fff3') in 0.038578 seconds 
========================================================================
Received Import Request.
  Time since last request: 0.000048 seconds.
  path: Assets/Simple UI (V.1.0)/Down_Button.png
  artifactKey: Guid(f01d4ca51b0ba3349b9d35b4a138603f) Importer(815301076,1909f56bfc062723c751e8b465ee728b)
Start importing Assets/Simple UI (V.1.0)/Down_Button.png using Guid(f01d4ca51b0ba3349b9d35b4a138603f) Importer(815301076,1909f56bfc062723c751e8b465ee728b)  -> (artifact id: '0b7b6d0469856bd3fd4adc4b7d61144c') in 0.038866 seconds 
========================================================================
Received Import Request.
  Time since last request: 0.000032 seconds.
  path: Assets/Simple UI (V.1.0)/score.png
  artifactKey: Guid(aca5d5043ed3d5349a5fb6540380376d) Importer(815301076,1909f56bfc062723c751e8b465ee728b)
Start importing Assets/Simple UI (V.1.0)/score.png using Guid(aca5d5043ed3d5349a5fb6540380376d) Importer(815301076,1909f56bfc062723c751e8b465ee728b)  -> (artifact id: '9fbac67c4f0dd051da100952654d8455') in 0.030445 seconds 
========================================================================
Received Import Request.
  Time since last request: 0.000051 seconds.
  path: Assets/Simple UI (V.1.0)/Share_Button.png
  artifactKey: Guid(669aeda5136a5c44c85b430ff16b3019) Importer(815301076,1909f56bfc062723c751e8b465ee728b)
Start importing Assets/Simple UI (V.1.0)/Share_Button.png using Guid(669aeda5136a5c44c85b430ff16b3019) Importer(815301076,1909f56bfc062723c751e8b465ee728b)  -> (artifact id: '49493e14422922b8460352378f734e6d') in 0.035266 seconds 
Editor requested this worker to shutdown with reason: Scaling down because of idle timeout
AssetImportWorker is now disconnected from the server
Process exiting
Exiting without the bug reporter. Application will terminate with return code 0