Using pre-set license
Built from '2021.3/staging' branch; Version is '2021.3.10f1 (1c7d0df0160b) revision 1867021'; Using compiler version '192829333'; Build Type 'Release'
OS: 'Windows 11  (10.0.22000) 64bit Professional' Language: 'zh' Physical Memory: 32646 MB
BatchMode: 1, IsHumanControllingUs: 0, StartBugReporterOnCrash: 0, Is64bit: 1, IsPro: 1

COMMAND LINE ARGUMENTS:
D:\Unity\unity editor\2021.3.10f1\Editor\Unity.exe
-adb2
-batchMode
-noUpm
-name
AssetImportWorker2
-projectPath
F:/COMP602-Plane-war/My project
-logFile
Logs/AssetImportWorker2.log
-srvPort
52298
Successfully changed project path to: F:/COMP602-Plane-war/My project
F:/COMP602-Plane-war/My project
[UnityMemory] Configuration Parameters - Can be set up in boot.config
    "memorysetup-bucket-allocator-granularity=16"
    "memorysetup-bucket-allocator-bucket-count=8"
    "memorysetup-bucket-allocator-block-size=33554432"
    "memorysetup-bucket-allocator-block-count=8"
    "memorysetup-main-allocator-block-size=16777216"
    "memorysetup-thread-allocator-block-size=16777216"
    "memorysetup-gfx-main-allocator-block-size=16777216"
    "memorysetup-gfx-thread-allocator-block-size=16777216"
    "memorysetup-cache-allocator-block-size=4194304"
    "memorysetup-typetree-allocator-block-size=2097152"
    "memorysetup-profiler-bucket-allocator-granularity=16"
    "memorysetup-profiler-bucket-allocator-bucket-count=8"
    "memorysetup-profiler-bucket-allocator-block-size=33554432"
    "memorysetup-profiler-bucket-allocator-block-count=8"
    "memorysetup-profiler-allocator-block-size=16777216"
    "memorysetup-profiler-editor-allocator-block-size=1048576"
    "memorysetup-temp-allocator-size-main=16777216"
    "memorysetup-job-temp-allocator-block-size=2097152"
    "memorysetup-job-temp-allocator-block-size-background=1048576"
    "memorysetup-job-temp-allocator-reduction-small-platforms=262144"
    "memorysetup-temp-allocator-size-background-worker=32768"
    "memorysetup-temp-allocator-size-job-worker=262144"
    "memorysetup-temp-allocator-size-preload-manager=33554432"
    "memorysetup-temp-allocator-size-nav-mesh-worker=65536"
    "memorysetup-temp-allocator-size-audio-worker=65536"
    "memorysetup-temp-allocator-size-cloud-worker=32768"
    "memorysetup-temp-allocator-size-gi-baking-worker=262144"
    "memorysetup-temp-allocator-size-gfx=262144"
Refreshing native plugins compatible for Editor in 165.06 ms, found 4 plugins.
Preloading 0 native plugins for Editor in 0.00 ms.
Initialize engine version: 2021.3.10f1 (1c7d0df0160b)
[Subsystems] Discovering subsystems at path D:/Unity/unity editor/2021.3.10f1/Editor/Data/Resources/UnitySubsystems
[Subsystems] Discovering subsystems at path F:/COMP602-Plane-war/My project/Assets
GfxDevice: creating device client; threaded=0; jobified=0
Direct3D:
    Version:  Direct3D 11.0 [level 11.1]
    Renderer: NVIDIA GeForce RTX 3080 (ID=0x2216)
    Vendor:   NVIDIA
    VRAM:     10078 MB
    Driver:   31.0.15.1694
Initialize mono
Mono path[0] = 'D:/Unity/unity editor/2021.3.10f1/Editor/Data/Managed'
Mono path[1] = 'D:/Unity/unity editor/2021.3.10f1/Editor/Data/MonoBleedingEdge/lib/mono/unityjit-win32'
Mono config path = 'D:/Unity/unity editor/2021.3.10f1/Editor/Data/MonoBleedingEdge/etc'
Using monoOptions --debugger-agent=transport=dt_socket,embedding=1,server=y,suspend=n,address=127.0.0.1:56492
Begin MonoManager ReloadAssembly
Registering precompiled unity dll's ...
Register platform support module: D:/Unity/unity editor/2021.3.10f1/Editor/Data/PlaybackEngines/WebGLSupport/UnityEditor.WebGL.Extensions.dll
Register platform support module: D:/Unity/unity editor/2021.3.10f1/Editor/Data/PlaybackEngines/WindowsStandaloneSupport/UnityEditor.WindowsStandalone.Extensions.dll
Registered in 0.001737 seconds.
Native extension for WindowsStandalone target not found
Native extension for WebGL target not found
Refreshing native plugins compatible for Editor in 132.79 ms, found 4 plugins.
Preloading 0 native plugins for Editor in 0.00 ms.
Mono: successfully reloaded assembly
- Completed reload, in  0.935 seconds
Domain Reload Profiling:
	ReloadAssembly (936ms)
		BeginReloadAssembly (59ms)
			ExecutionOrderSort (0ms)
			DisableScriptedObjects (0ms)
			BackupInstance (0ms)
			ReleaseScriptingObjects (0ms)
			CreateAndSetChildDomain (1ms)
		EndReloadAssembly (659ms)
			LoadAssemblies (58ms)
			RebuildTransferFunctionScriptingTraits (0ms)
			SetupTypeCache (236ms)
			ReleaseScriptCaches (0ms)
			RebuildScriptCaches (27ms)
			SetupLoadedEditorAssemblies (342ms)
				LogAssemblyErrors (0ms)
				InitializePlatformSupportModulesInManaged (7ms)
				SetLoadedEditorAssemblies (0ms)
				RefreshPlugins (133ms)
				BeforeProcessingInitializeOnLoad (1ms)
				ProcessInitializeOnLoadAttributes (144ms)
				ProcessInitializeOnLoadMethodAttributes (57ms)
				AfterProcessingInitializeOnLoad (0ms)
				EditorAssembliesLoaded (0ms)
			ExecutionOrderSort2 (0ms)
			AwakeInstancesAfterBackupRestoration (0ms)
Platform modules already initialized, skipping
Registering precompiled user dll's ...
Registered in 0.007279 seconds.
Begin MonoManager ReloadAssembly
Symbol file LoadedFromMemory doesn't match image F:\COMP602-Plane-war\My project\Library\PackageCache\com.unity.visualscripting@1.7.8\Editor\VisualScripting.Core\Dependencies\DotNetZip\Unity.VisualScripting.IonicZip.dll
Symbol file LoadedFromMemory doesn't match image F:\COMP602-Plane-war\My project\Library\PackageCache\com.unity.visualscripting@1.7.8\Editor\VisualScripting.Core\Dependencies\YamlDotNet\Unity.VisualScripting.YamlDotNet.dll
Native extension for WindowsStandalone target not found
Native extension for WebGL target not found
Refreshing native plugins compatible for Editor in 137.21 ms, found 4 plugins.
Preloading 0 native plugins for Editor in 0.00 ms.
Package Manager log level set to [2]
Mono: successfully reloaded assembly
- Completed reload, in  1.547 seconds
Domain Reload Profiling:
	ReloadAssembly (1548ms)
		BeginReloadAssembly (93ms)
			ExecutionOrderSort (0ms)
			DisableScriptedObjects (6ms)
			BackupInstance (0ms)
			ReleaseScriptingObjects (0ms)
			CreateAndSetChildDomain (17ms)
		EndReloadAssembly (1349ms)
			LoadAssemblies (93ms)
			RebuildTransferFunctionScriptingTraits (0ms)
			SetupTypeCache (300ms)
			ReleaseScriptCaches (1ms)
			RebuildScriptCaches (86ms)
			SetupLoadedEditorAssemblies (814ms)
				LogAssemblyErrors (0ms)
				InitializePlatformSupportModulesInManaged (4ms)
				SetLoadedEditorAssemblies (0ms)
				RefreshPlugins (137ms)
				BeforeProcessingInitializeOnLoad (139ms)
				ProcessInitializeOnLoadAttributes (333ms)
				ProcessInitializeOnLoadMethodAttributes (198ms)
				AfterProcessingInitializeOnLoad (2ms)
				EditorAssembliesLoaded (0ms)
			ExecutionOrderSort2 (0ms)
			AwakeInstancesAfterBackupRestoration (6ms)
Platform modules already initialized, skipping
========================================================================
Worker process is ready to serve import requests
Launched and connected shader compiler UnityShaderCompiler.exe after 0.09 seconds
Refreshing native plugins compatible for Editor in 1.77 ms, found 4 plugins.
Preloading 0 native plugins for Editor in 0.00 ms.
Unloading 6201 Unused Serialized files (Serialized files now loaded: 0)
Unloading 80 unused Assets / (0.7 MB). Loaded Objects now: 6620.
Memory consumption went from 237.5 MB to 236.8 MB.
Total: 8.916900 ms (FindLiveObjects: 0.519700 ms CreateObjectMapping: 0.551200 ms MarkObjects: 7.478900 ms  DeleteObjects: 0.365800 ms)

AssetImportParameters requested are different than current active one (requested -> active):
  custom:video-decoder-ogg-theora: a1e56fd34408186e4bbccfd4996cb3dc -> 
  custom:container-muxer-webm: aa71ff27fc2769a1b78a27578f13a17b -> 
  custom:container-demuxer-webm: 4f35f7cbe854078d1ac9338744f61a02 -> 
  custom:video-encoder-webm-vp8: eb34c28f22e8b96e1ab97ce403110664 -> 
  custom:audio-encoder-webm-vorbis: bf7c407c2cedff20999df2af8eb42d56 -> 
  custom:framework-win-MediaFoundation: 216162199b28c13a410421893ffa2e32 -> 
  custom:container-demuxer-ogg: 62fdf1f143b41e24485cea50d1cbac27 -> 
  custom:video-decoder-webm-vp8: 9c59270c3fd7afecdb556c50c9e8de78 -> 
  custom:audio-decoder-ogg-vorbis: bf7c407c2cedff20999df2af8eb42d56 -> 
========================================================================
Received Import Request.
  Time since last request: 173373.456499 seconds.
  path: Packages/com.unity.render-pipelines.universal/Runtime/Materials/SpatialMappingOcclusion.mat
  artifactKey: Guid(b51db210fe78df745a372851b3db949e) Importer(815301076,1909f56bfc062723c751e8b465ee728b)
Start importing Packages/com.unity.render-pipelines.universal/Runtime/Materials/SpatialMappingOcclusion.mat using Guid(b51db210fe78df745a372851b3db949e) Importer(815301076,1909f56bfc062723c751e8b465ee728b)  -> (artifact id: 'd0992333ff5ccbb1abafe5995b21e6c4') in 0.283009 seconds 
========================================================================
Received Import Request.
  Time since last request: 0.000025 seconds.
  path: Packages/com.unity.render-pipelines.universal/Runtime/Materials/TerrainLit.mat
  artifactKey: Guid(594ea882c5a793440b60ff72d896021e) Importer(815301076,1909f56bfc062723c751e8b465ee728b)
Start importing Packages/com.unity.render-pipelines.universal/Runtime/Materials/TerrainLit.mat using Guid(594ea882c5a793440b60ff72d896021e) Importer(815301076,1909f56bfc062723c751e8b465ee728b)  -> (artifact id: '944e87f2acb5d706a2c08377832c48cd') in 0.381309 seconds 
========================================================================
Received Import Request.
  Time since last request: 0.000029 seconds.
  path: Packages/com.unity.render-pipelines.universal/Runtime/Materials/Decal.mat
  artifactKey: Guid(31d0dcc6f2dd4e4408d18036a2c93862) Importer(815301076,1909f56bfc062723c751e8b465ee728b)
Start importing Packages/com.unity.render-pipelines.universal/Runtime/Materials/Decal.mat using Guid(31d0dcc6f2dd4e4408d18036a2c93862) Importer(815301076,1909f56bfc062723c751e8b465ee728b)  -> (artifact id: 'da16d8cd1f166a5892648b9783c502d4') in 0.017106 seconds 
========================================================================
Received Import Request.
  Time since last request: 0.000022 seconds.
  path: Packages/com.unity.render-pipelines.universal/Runtime/Materials/SpriteMask-Default.mat
  artifactKey: Guid(15d0c3709176029428a0da2f8cecf0b5) Importer(815301076,1909f56bfc062723c751e8b465ee728b)
Start importing Packages/com.unity.render-pipelines.universal/Runtime/Materials/SpriteMask-Default.mat using Guid(15d0c3709176029428a0da2f8cecf0b5) Importer(815301076,1909f56bfc062723c751e8b465ee728b)  -> (artifact id: '6a1780c261fd401400f12b15ca757f1c') in 0.013418 seconds 
========================================================================
Received Import Request.
  Time since last request: 0.000027 seconds.
  path: Packages/com.unity.render-pipelines.universal/Runtime/Materials/SpatialMappingWireframe.mat
  artifactKey: Guid(9875a245ac49007498213638a307faa1) Importer(815301076,1909f56bfc062723c751e8b465ee728b)
Start importing Packages/com.unity.render-pipelines.universal/Runtime/Materials/SpatialMappingWireframe.mat using Guid(9875a245ac49007498213638a307faa1) Importer(815301076,1909f56bfc062723c751e8b465ee728b)  -> (artifact id: 'e6fd67331f2fc1af6d261f6ccb81f21d') in 0.019243 seconds 
========================================================================
Received Import Request.
  Time since last request: 0.000021 seconds.
  path: Packages/com.unity.render-pipelines.universal/Runtime/Materials/Lit.mat
  artifactKey: Guid(31321ba15b8f8eb4c954353edc038b1d) Importer(815301076,1909f56bfc062723c751e8b465ee728b)
Start importing Packages/com.unity.render-pipelines.universal/Runtime/Materials/Lit.mat using Guid(31321ba15b8f8eb4c954353edc038b1d) Importer(815301076,1909f56bfc062723c751e8b465ee728b)  -> (artifact id: 'ffd6c6929e649a605bc6e214800edbbb') in 0.018001 seconds 
========================================================================
Received Prepare
Registering precompiled user dll's ...
Registered in 0.009199 seconds.
Begin MonoManager ReloadAssembly
Symbol file LoadedFromMemory doesn't match image F:\COMP602-Plane-war\My project\Library\PackageCache\com.unity.visualscripting@1.7.8\Editor\VisualScripting.Core\Dependencies\DotNetZip\Unity.VisualScripting.IonicZip.dll
Symbol file LoadedFromMemory doesn't match image F:\COMP602-Plane-war\My project\Library\PackageCache\com.unity.visualscripting@1.7.8\Editor\VisualScripting.Core\Dependencies\YamlDotNet\Unity.VisualScripting.YamlDotNet.dll
Native extension for WindowsStandalone target not found
Native extension for WebGL target not found
Refreshing native plugins compatible for Editor in 1.09 ms, found 4 plugins.
Preloading 0 native plugins for Editor in 0.00 ms.
Mono: successfully reloaded assembly
- Completed reload, in  1.230 seconds
Domain Reload Profiling:
	ReloadAssembly (1231ms)
		BeginReloadAssembly (146ms)
			ExecutionOrderSort (0ms)
			DisableScriptedObjects (9ms)
			BackupInstance (0ms)
			ReleaseScriptingObjects (0ms)
			CreateAndSetChildDomain (59ms)
		EndReloadAssembly (997ms)
			LoadAssemblies (85ms)
			RebuildTransferFunctionScriptingTraits (0ms)
			SetupTypeCache (274ms)
			ReleaseScriptCaches (3ms)
			RebuildScriptCaches (56ms)
			SetupLoadedEditorAssemblies (510ms)
				LogAssemblyErrors (0ms)
				InitializePlatformSupportModulesInManaged (11ms)
				SetLoadedEditorAssemblies (0ms)
				RefreshPlugins (1ms)
				BeforeProcessingInitializeOnLoad (83ms)
				ProcessInitializeOnLoadAttributes (237ms)
				ProcessInitializeOnLoadMethodAttributes (176ms)
				AfterProcessingInitializeOnLoad (2ms)
				EditorAssembliesLoaded (0ms)
			ExecutionOrderSort2 (0ms)
			AwakeInstancesAfterBackupRestoration (11ms)
Platform modules already initialized, skipping
Refreshing native plugins compatible for Editor in 6.15 ms, found 4 plugins.
Preloading 0 native plugins for Editor in 0.00 ms.
Unloading 6060 Unused Serialized files (Serialized files now loaded: 0)
Unloading 64 unused Assets / (310.9 KB). Loaded Objects now: 6711.
Memory consumption went from 234.1 MB to 233.8 MB.
Total: 5.666500 ms (FindLiveObjects: 0.375700 ms CreateObjectMapping: 0.349800 ms MarkObjects: 4.870900 ms  DeleteObjects: 0.068900 ms)

AssetImportParameters requested are different than current active one (requested -> active):
  custom:video-decoder-ogg-theora: a1e56fd34408186e4bbccfd4996cb3dc -> 
  custom:container-muxer-webm: aa71ff27fc2769a1b78a27578f13a17b -> 
  custom:container-demuxer-webm: 4f35f7cbe854078d1ac9338744f61a02 -> 
  custom:video-encoder-webm-vp8: eb34c28f22e8b96e1ab97ce403110664 -> 
  custom:audio-encoder-webm-vorbis: bf7c407c2cedff20999df2af8eb42d56 -> 
  custom:framework-win-MediaFoundation: 216162199b28c13a410421893ffa2e32 -> 
  custom:container-demuxer-ogg: 62fdf1f143b41e24485cea50d1cbac27 -> 
  custom:video-decoder-webm-vp8: 9c59270c3fd7afecdb556c50c9e8de78 -> 
  custom:audio-decoder-ogg-vorbis: bf7c407c2cedff20999df2af8eb42d56 -> 
========================================================================
Received Import Request.
  Time since last request: 553.219138 seconds.
  path: Assets/Code/hpBAR.cs
  artifactKey: Guid(f40d099be9720c54e9036922b3eb66ff) Importer(815301076,1909f56bfc062723c751e8b465ee728b)
Start importing Assets/Code/hpBAR.cs using Guid(f40d099be9720c54e9036922b3eb66ff) Importer(815301076,1909f56bfc062723c751e8b465ee728b)  -> (artifact id: '5cbce1330f2267a3ab278c7be9ca0130') in 0.017751 seconds 
========================================================================
Received Prepare
Registering precompiled user dll's ...
Registered in 0.005998 seconds.
Begin MonoManager ReloadAssembly
Symbol file LoadedFromMemory doesn't match image F:\COMP602-Plane-war\My project\Library\PackageCache\com.unity.visualscripting@1.7.8\Editor\VisualScripting.Core\Dependencies\DotNetZip\Unity.VisualScripting.IonicZip.dll
Symbol file LoadedFromMemory doesn't match image F:\COMP602-Plane-war\My project\Library\PackageCache\com.unity.visualscripting@1.7.8\Editor\VisualScripting.Core\Dependencies\YamlDotNet\Unity.VisualScripting.YamlDotNet.dll
Native extension for WindowsStandalone target not found
Native extension for WebGL target not found
Refreshing native plugins compatible for Editor in 1.15 ms, found 4 plugins.
Preloading 0 native plugins for Editor in 0.00 ms.
Mono: successfully reloaded assembly
- Completed reload, in  1.189 seconds
Domain Reload Profiling:
	ReloadAssembly (1189ms)
		BeginReloadAssembly (130ms)
			ExecutionOrderSort (0ms)
			DisableScriptedObjects (8ms)
			BackupInstance (0ms)
			ReleaseScriptingObjects (0ms)
			CreateAndSetChildDomain (45ms)
		EndReloadAssembly (965ms)
			LoadAssemblies (93ms)
			RebuildTransferFunctionScriptingTraits (0ms)
			SetupTypeCache (265ms)
			ReleaseScriptCaches (2ms)
			RebuildScriptCaches (51ms)
			SetupLoadedEditorAssemblies (486ms)
				LogAssemblyErrors (0ms)
				InitializePlatformSupportModulesInManaged (10ms)
				SetLoadedEditorAssemblies (1ms)
				RefreshPlugins (1ms)
				BeforeProcessingInitializeOnLoad (84ms)
				ProcessInitializeOnLoadAttributes (215ms)
				ProcessInitializeOnLoadMethodAttributes (173ms)
				AfterProcessingInitializeOnLoad (2ms)
				EditorAssembliesLoaded (0ms)
			ExecutionOrderSort2 (0ms)
			AwakeInstancesAfterBackupRestoration (12ms)
Platform modules already initialized, skipping
Refreshing native plugins compatible for Editor in 4.29 ms, found 4 plugins.
Preloading 0 native plugins for Editor in 0.00 ms.
Unloading 6057 Unused Serialized files (Serialized files now loaded: 0)
Unloading 65 unused Assets / (311.0 KB). Loaded Objects now: 6713.
Memory consumption went from 233.8 MB to 233.5 MB.
Total: 5.952500 ms (FindLiveObjects: 0.393100 ms CreateObjectMapping: 0.369300 ms MarkObjects: 5.117600 ms  DeleteObjects: 0.071500 ms)

AssetImportParameters requested are different than current active one (requested -> active):
  custom:video-decoder-ogg-theora: a1e56fd34408186e4bbccfd4996cb3dc -> 
  custom:container-muxer-webm: aa71ff27fc2769a1b78a27578f13a17b -> 
  custom:container-demuxer-webm: 4f35f7cbe854078d1ac9338744f61a02 -> 
  custom:video-encoder-webm-vp8: eb34c28f22e8b96e1ab97ce403110664 -> 
  custom:audio-encoder-webm-vorbis: bf7c407c2cedff20999df2af8eb42d56 -> 
  custom:framework-win-MediaFoundation: 216162199b28c13a410421893ffa2e32 -> 
  custom:container-demuxer-ogg: 62fdf1f143b41e24485cea50d1cbac27 -> 
  custom:video-decoder-webm-vp8: 9c59270c3fd7afecdb556c50c9e8de78 -> 
  custom:audio-decoder-ogg-vorbis: bf7c407c2cedff20999df2af8eb42d56 -> 
========================================================================
Received Import Request.
  Time since last request: 343.798791 seconds.
  path: Assets/背景/Materials/3da8c53a01fee8a7b215da33d3f89dd.mat
  artifactKey: Guid(a4c85e6760ab8de43bc0a0c381d0c924) Importer(815301076,1909f56bfc062723c751e8b465ee728b)
Start importing Assets/背景/Materials/3da8c53a01fee8a7b215da33d3f89dd.mat using Guid(a4c85e6760ab8de43bc0a0c381d0c924) Importer(815301076,1909f56bfc062723c751e8b465ee728b)  -> (artifact id: '07c429c2576f4027cda985b83f5a555a') in 0.191979 seconds 
========================================================================
Received Import Request.
  Time since last request: 0.000028 seconds.
  path: Assets/素材/Materials/acbf463ec78097932ec4f7e5ff22590.mat
  artifactKey: Guid(2c4b70a890cfe3f4c8c7528d78f63daa) Importer(815301076,1909f56bfc062723c751e8b465ee728b)
Start importing Assets/素材/Materials/acbf463ec78097932ec4f7e5ff22590.mat using Guid(2c4b70a890cfe3f4c8c7528d78f63daa) Importer(815301076,1909f56bfc062723c751e8b465ee728b)  -> (artifact id: '43de820905dbb409b4696d7f1d8dea78') in 0.016284 seconds 
========================================================================
Received Import Request.
  Time since last request: 1111.907470 seconds.
  path: Assets/背景/Materials
  artifactKey: Guid(6b4f4f21eafb895458c7054dd3efaad1) Importer(815301076,1909f56bfc062723c751e8b465ee728b)
Start importing Assets/背景/Materials using Guid(6b4f4f21eafb895458c7054dd3efaad1) Importer(815301076,1909f56bfc062723c751e8b465ee728b)  -> (artifact id: '3fd26fcc9aaf40397559d07946b7028c') in 0.006795 seconds 
========================================================================
Received Import Request.
  Time since last request: 0.052447 seconds.
  path: Assets/背景/Materials/IMGBIN_smoke-pollution-haze-cloud-png_HPrzDT4V.mat
  artifactKey: Guid(858ef2c6f65af8d4dbcabaf9eadc9b47) Importer(815301076,1909f56bfc062723c751e8b465ee728b)
Start importing Assets/背景/Materials/IMGBIN_smoke-pollution-haze-cloud-png_HPrzDT4V.mat using Guid(858ef2c6f65af8d4dbcabaf9eadc9b47) Importer(815301076,1909f56bfc062723c751e8b465ee728b)  -> (artifact id: '7c5b6aac5e619afd6af81d642b3f6db7') in 0.033969 seconds 
========================================================================
Received Import Request.
  Time since last request: 2419.016416 seconds.
  path: Assets/Scenes/SampleScene.unity
  artifactKey: Guid(8c9cfa26abfee488c85f1582747f6a02) Importer(815301076,1909f56bfc062723c751e8b465ee728b)
Start importing Assets/Scenes/SampleScene.unity using Guid(8c9cfa26abfee488c85f1582747f6a02) Importer(815301076,1909f56bfc062723c751e8b465ee728b)  -> (artifact id: '8f6abe828034858d57557c0ceb3f69aa') in 0.005262 seconds 
========================================================================
Received Import Request.
  Time since last request: 23.798599 seconds.
  path: Assets/Scenes/Main.unity
  artifactKey: Guid(68154510a2a442d4b8ce508306653e86) Importer(815301076,1909f56bfc062723c751e8b465ee728b)
Start importing Assets/Scenes/Main.unity using Guid(68154510a2a442d4b8ce508306653e86) Importer(815301076,1909f56bfc062723c751e8b465ee728b)  -> (artifact id: '76bc8cbfe8a4644689cce4cfa39c8c12') in 0.004314 seconds 
========================================================================
Received Import Request.
  Time since last request: 18.032288 seconds.
  path: Assets/Scenes/game.unity
  artifactKey: Guid(9907a2a02ca55e94d9f4c0a67147e1db) Importer(815301076,1909f56bfc062723c751e8b465ee728b)
Start importing Assets/Scenes/game.unity using Guid(9907a2a02ca55e94d9f4c0a67147e1db) Importer(815301076,1909f56bfc062723c751e8b465ee728b)  -> (artifact id: 'a51d55141700c1c1b12cdef514b1618a') in 0.004281 seconds 
========================================================================
Received Prepare
Registering precompiled user dll's ...
Registered in 0.005877 seconds.
Begin MonoManager ReloadAssembly
Symbol file LoadedFromMemory doesn't match image F:\COMP602-Plane-war\My project\Library\PackageCache\com.unity.visualscripting@1.7.8\Editor\VisualScripting.Core\Dependencies\DotNetZip\Unity.VisualScripting.IonicZip.dll
Symbol file LoadedFromMemory doesn't match image F:\COMP602-Plane-war\My project\Library\PackageCache\com.unity.visualscripting@1.7.8\Editor\VisualScripting.Core\Dependencies\YamlDotNet\Unity.VisualScripting.YamlDotNet.dll
Native extension for WindowsStandalone target not found
Native extension for WebGL target not found
Refreshing native plugins compatible for Editor in 1.10 ms, found 4 plugins.
Preloading 0 native plugins for Editor in 0.00 ms.
Mono: successfully reloaded assembly
- Completed reload, in  1.231 seconds
Domain Reload Profiling:
	ReloadAssembly (1231ms)
		BeginReloadAssembly (119ms)
			ExecutionOrderSort (0ms)
			DisableScriptedObjects (8ms)
			BackupInstance (0ms)
			ReleaseScriptingObjects (0ms)
			CreateAndSetChildDomain (43ms)
		EndReloadAssembly (1021ms)
			LoadAssemblies (89ms)
			RebuildTransferFunctionScriptingTraits (0ms)
			SetupTypeCache (269ms)
			ReleaseScriptCaches (2ms)
			RebuildScriptCaches (53ms)
			SetupLoadedEditorAssemblies (528ms)
				LogAssemblyErrors (0ms)
				InitializePlatformSupportModulesInManaged (11ms)
				SetLoadedEditorAssemblies (1ms)
				RefreshPlugins (1ms)
				BeforeProcessingInitializeOnLoad (101ms)
				ProcessInitializeOnLoadAttributes (230ms)
				ProcessInitializeOnLoadMethodAttributes (182ms)
				AfterProcessingInitializeOnLoad (2ms)
				EditorAssembliesLoaded (0ms)
			ExecutionOrderSort2 (0ms)
			AwakeInstancesAfterBackupRestoration (14ms)
Platform modules already initialized, skipping
Refreshing native plugins compatible for Editor in 4.99 ms, found 4 plugins.
Preloading 0 native plugins for Editor in 0.00 ms.
Unloading 6061 Unused Serialized files (Serialized files now loaded: 0)
Unloading 64 unused Assets / (310.9 KB). Loaded Objects now: 6757.
Memory consumption went from 234.1 MB to 233.8 MB.
Total: 6.464500 ms (FindLiveObjects: 0.416600 ms CreateObjectMapping: 0.461000 ms MarkObjects: 5.499800 ms  DeleteObjects: 0.086000 ms)

AssetImportParameters requested are different than current active one (requested -> active):
  custom:video-decoder-ogg-theora: a1e56fd34408186e4bbccfd4996cb3dc -> 
  custom:container-muxer-webm: aa71ff27fc2769a1b78a27578f13a17b -> 
  custom:container-demuxer-webm: 4f35f7cbe854078d1ac9338744f61a02 -> 
  custom:video-encoder-webm-vp8: eb34c28f22e8b96e1ab97ce403110664 -> 
  custom:audio-encoder-webm-vorbis: bf7c407c2cedff20999df2af8eb42d56 -> 
  custom:framework-win-MediaFoundation: 216162199b28c13a410421893ffa2e32 -> 
  custom:container-demuxer-ogg: 62fdf1f143b41e24485cea50d1cbac27 -> 
  custom:video-decoder-webm-vp8: 9c59270c3fd7afecdb556c50c9e8de78 -> 
  custom:audio-decoder-ogg-vorbis: bf7c407c2cedff20999df2af8eb42d56 -> 
========================================================================
Received Prepare
Registering precompiled user dll's ...
Registered in 0.006009 seconds.
Begin MonoManager ReloadAssembly
Symbol file LoadedFromMemory doesn't match image F:\COMP602-Plane-war\My project\Library\PackageCache\com.unity.visualscripting@1.7.8\Editor\VisualScripting.Core\Dependencies\DotNetZip\Unity.VisualScripting.IonicZip.dll
Symbol file LoadedFromMemory doesn't match image F:\COMP602-Plane-war\My project\Library\PackageCache\com.unity.visualscripting@1.7.8\Editor\VisualScripting.Core\Dependencies\YamlDotNet\Unity.VisualScripting.YamlDotNet.dll
Native extension for WindowsStandalone target not found
Native extension for WebGL target not found
Refreshing native plugins compatible for Editor in 1.24 ms, found 4 plugins.
Preloading 0 native plugins for Editor in 0.00 ms.
Mono: successfully reloaded assembly
- Completed reload, in  1.267 seconds
Domain Reload Profiling:
	ReloadAssembly (1268ms)
		BeginReloadAssembly (124ms)
			ExecutionOrderSort (0ms)
			DisableScriptedObjects (7ms)
			BackupInstance (0ms)
			ReleaseScriptingObjects (0ms)
			CreateAndSetChildDomain (38ms)
		EndReloadAssembly (1060ms)
			LoadAssemblies (103ms)
			RebuildTransferFunctionScriptingTraits (0ms)
			SetupTypeCache (291ms)
			ReleaseScriptCaches (2ms)
			RebuildScriptCaches (54ms)
			SetupLoadedEditorAssemblies (530ms)
				LogAssemblyErrors (0ms)
				InitializePlatformSupportModulesInManaged (11ms)
				SetLoadedEditorAssemblies (0ms)
				RefreshPlugins (1ms)
				BeforeProcessingInitializeOnLoad (87ms)
				ProcessInitializeOnLoadAttributes (243ms)
				ProcessInitializeOnLoadMethodAttributes (184ms)
				AfterProcessingInitializeOnLoad (2ms)
				EditorAssembliesLoaded (0ms)
			ExecutionOrderSort2 (0ms)
			AwakeInstancesAfterBackupRestoration (15ms)
Platform modules already initialized, skipping
Refreshing native plugins compatible for Editor in 4.26 ms, found 4 plugins.
Preloading 0 native plugins for Editor in 0.00 ms.
Unloading 6061 Unused Serialized files (Serialized files now loaded: 0)
Unloading 64 unused Assets / (311.0 KB). Loaded Objects now: 6760.
Memory consumption went from 234.0 MB to 233.7 MB.
Total: 5.855600 ms (FindLiveObjects: 0.412500 ms CreateObjectMapping: 0.400700 ms MarkObjects: 4.968300 ms  DeleteObjects: 0.072900 ms)

AssetImportParameters requested are different than current active one (requested -> active):
  custom:video-decoder-ogg-theora: a1e56fd34408186e4bbccfd4996cb3dc -> 
  custom:container-muxer-webm: aa71ff27fc2769a1b78a27578f13a17b -> 
  custom:container-demuxer-webm: 4f35f7cbe854078d1ac9338744f61a02 -> 
  custom:video-encoder-webm-vp8: eb34c28f22e8b96e1ab97ce403110664 -> 
  custom:audio-encoder-webm-vorbis: bf7c407c2cedff20999df2af8eb42d56 -> 
  custom:framework-win-MediaFoundation: 216162199b28c13a410421893ffa2e32 -> 
  custom:container-demuxer-ogg: 62fdf1f143b41e24485cea50d1cbac27 -> 
  custom:video-decoder-webm-vp8: 9c59270c3fd7afecdb556c50c9e8de78 -> 
  custom:audio-decoder-ogg-vorbis: bf7c407c2cedff20999df2af8eb42d56 -> 
========================================================================
Received Prepare
Registering precompiled user dll's ...
Registered in 0.005920 seconds.
Begin MonoManager ReloadAssembly
Symbol file LoadedFromMemory doesn't match image F:\COMP602-Plane-war\My project\Library\PackageCache\com.unity.visualscripting@1.7.8\Editor\VisualScripting.Core\Dependencies\DotNetZip\Unity.VisualScripting.IonicZip.dll
Symbol file LoadedFromMemory doesn't match image F:\COMP602-Plane-war\My project\Library\PackageCache\com.unity.visualscripting@1.7.8\Editor\VisualScripting.Core\Dependencies\YamlDotNet\Unity.VisualScripting.YamlDotNet.dll
Native extension for WindowsStandalone target not found
Native extension for WebGL target not found
Refreshing native plugins compatible for Editor in 1.19 ms, found 4 plugins.
Preloading 0 native plugins for Editor in 0.00 ms.
Mono: successfully reloaded assembly
- Completed reload, in  1.285 seconds
Domain Reload Profiling:
	ReloadAssembly (1286ms)
		BeginReloadAssembly (130ms)
			ExecutionOrderSort (0ms)
			DisableScriptedObjects (7ms)
			BackupInstance (0ms)
			ReleaseScriptingObjects (0ms)
			CreateAndSetChildDomain (46ms)
		EndReloadAssembly (1063ms)
			LoadAssemblies (90ms)
			RebuildTransferFunctionScriptingTraits (0ms)
			SetupTypeCache (282ms)
			ReleaseScriptCaches (2ms)
			RebuildScriptCaches (54ms)
			SetupLoadedEditorAssemblies (549ms)
				LogAssemblyErrors (0ms)
				InitializePlatformSupportModulesInManaged (12ms)
				SetLoadedEditorAssemblies (1ms)
				RefreshPlugins (1ms)
				BeforeProcessingInitializeOnLoad (94ms)
				ProcessInitializeOnLoadAttributes (251ms)
				ProcessInitializeOnLoadMethodAttributes (188ms)
				AfterProcessingInitializeOnLoad (3ms)
				EditorAssembliesLoaded (0ms)
			ExecutionOrderSort2 (0ms)
			AwakeInstancesAfterBackupRestoration (13ms)
Platform modules already initialized, skipping
Refreshing native plugins compatible for Editor in 4.73 ms, found 4 plugins.
Preloading 0 native plugins for Editor in 0.00 ms.
Unloading 6061 Unused Serialized files (Serialized files now loaded: 0)
Unloading 64 unused Assets / (310.9 KB). Loaded Objects now: 6763.
Memory consumption went from 234.0 MB to 233.7 MB.
Total: 8.049100 ms (FindLiveObjects: 0.440000 ms CreateObjectMapping: 0.434600 ms MarkObjects: 7.090300 ms  DeleteObjects: 0.083200 ms)

AssetImportParameters requested are different than current active one (requested -> active):
  custom:video-decoder-ogg-theora: a1e56fd34408186e4bbccfd4996cb3dc -> 
  custom:container-muxer-webm: aa71ff27fc2769a1b78a27578f13a17b -> 
  custom:container-demuxer-webm: 4f35f7cbe854078d1ac9338744f61a02 -> 
  custom:video-encoder-webm-vp8: eb34c28f22e8b96e1ab97ce403110664 -> 
  custom:audio-encoder-webm-vorbis: bf7c407c2cedff20999df2af8eb42d56 -> 
  custom:framework-win-MediaFoundation: 216162199b28c13a410421893ffa2e32 -> 
  custom:container-demuxer-ogg: 62fdf1f143b41e24485cea50d1cbac27 -> 
  custom:video-decoder-webm-vp8: 9c59270c3fd7afecdb556c50c9e8de78 -> 
  custom:audio-decoder-ogg-vorbis: bf7c407c2cedff20999df2af8eb42d56 -> 
========================================================================
Received Import Request.
  Time since last request: 3311.924675 seconds.
  path: Assets/素材/A4-2(a4-2)_爱给网_aigei_com.png
  artifactKey: Guid(87d2ef407c37a804faa83c7308372781) Importer(815301076,1909f56bfc062723c751e8b465ee728b)
Start importing Assets/素材/A4-2(a4-2)_爱给网_aigei_com.png using Guid(87d2ef407c37a804faa83c7308372781) Importer(815301076,1909f56bfc062723c751e8b465ee728b)  -> (artifact id: '390c0f86aba9bc885bea20a955d9bad4') in 0.097267 seconds 
========================================================================
Received Import Request.
  Time since last request: 0.000027 seconds.
  path: Assets/素材/A4-6(a4-6)_爱给网_aigei_com.png
  artifactKey: Guid(cf4f7f29809a2c5448d50a6171793b2e) Importer(815301076,1909f56bfc062723c751e8b465ee728b)
Start importing Assets/素材/A4-6(a4-6)_爱给网_aigei_com.png using Guid(cf4f7f29809a2c5448d50a6171793b2e) Importer(815301076,1909f56bfc062723c751e8b465ee728b)  -> (artifact id: '4c6cf2642b11eeeed97b215c1cfd04e2') in 0.018686 seconds 
========================================================================
Received Import Request.
  Time since last request: 562.921863 seconds.
  path: Assets/prefabs/A4-2(a4-2)_爱给网_aigei_com.prefab
  artifactKey: Guid(378349e3ff9ef9948868be28402a8065) Importer(815301076,1909f56bfc062723c751e8b465ee728b)
Start importing Assets/prefabs/A4-2(a4-2)_爱给网_aigei_com.prefab using Guid(378349e3ff9ef9948868be28402a8065) Importer(815301076,1909f56bfc062723c751e8b465ee728b)  -> (artifact id: 'd6f8186e8a4761d5a1583e3d2610e3cb') in 0.140415 seconds 
========================================================================
Received Import Request.
  Time since last request: 102.457074 seconds.
  path: Assets/prefabs/A4-3(a4-3)_爱给网_aigei_com.prefab
  artifactKey: Guid(a1ba1de2d890045408336afa40cbc37b) Importer(815301076,1909f56bfc062723c751e8b465ee728b)
Start importing Assets/prefabs/A4-3(a4-3)_爱给网_aigei_com.prefab using Guid(a1ba1de2d890045408336afa40cbc37b) Importer(815301076,1909f56bfc062723c751e8b465ee728b)  -> (artifact id: '65878881310fcbff191afc388f79b31f') in 0.012349 seconds 
========================================================================
Received Import Request.
  Time since last request: 75.420935 seconds.
  path: Assets/prefabs/A4-6(a4-6)_爱给网_aigei_com.prefab
  artifactKey: Guid(a1e0e2655f973ae48ab7f72fc707434a) Importer(815301076,1909f56bfc062723c751e8b465ee728b)
Start importing Assets/prefabs/A4-6(a4-6)_爱给网_aigei_com.prefab using Guid(a1e0e2655f973ae48ab7f72fc707434a) Importer(815301076,1909f56bfc062723c751e8b465ee728b)  -> (artifact id: 'aa7ce83be89c5b1e440b457521f044e2') in 0.011648 seconds 
========================================================================
Received Prepare
Registering precompiled user dll's ...
Registered in 0.006116 seconds.
Begin MonoManager ReloadAssembly
Symbol file LoadedFromMemory doesn't match image F:\COMP602-Plane-war\My project\Library\PackageCache\com.unity.visualscripting@1.7.8\Editor\VisualScripting.Core\Dependencies\DotNetZip\Unity.VisualScripting.IonicZip.dll
Symbol file LoadedFromMemory doesn't match image F:\COMP602-Plane-war\My project\Library\PackageCache\com.unity.visualscripting@1.7.8\Editor\VisualScripting.Core\Dependencies\YamlDotNet\Unity.VisualScripting.YamlDotNet.dll
Native extension for WindowsStandalone target not found
Native extension for WebGL target not found
Refreshing native plugins compatible for Editor in 1.15 ms, found 4 plugins.
Preloading 0 native plugins for Editor in 0.00 ms.
Mono: successfully reloaded assembly
- Completed reload, in  1.263 seconds
Domain Reload Profiling:
	ReloadAssembly (1264ms)
		BeginReloadAssembly (127ms)
			ExecutionOrderSort (0ms)
			DisableScriptedObjects (9ms)
			BackupInstance (0ms)
			ReleaseScriptingObjects (0ms)
			CreateAndSetChildDomain (46ms)
		EndReloadAssembly (1048ms)
			LoadAssemblies (88ms)
			RebuildTransferFunctionScriptingTraits (0ms)
			SetupTypeCache (285ms)
			ReleaseScriptCaches (2ms)
			RebuildScriptCaches (59ms)
			SetupLoadedEditorAssemblies (528ms)
				LogAssemblyErrors (0ms)
				InitializePlatformSupportModulesInManaged (12ms)
				SetLoadedEditorAssemblies (1ms)
				RefreshPlugins (1ms)
				BeforeProcessingInitializeOnLoad (91ms)
				ProcessInitializeOnLoadAttributes (237ms)
				ProcessInitializeOnLoadMethodAttributes (183ms)
				AfterProcessingInitializeOnLoad (2ms)
				EditorAssembliesLoaded (0ms)
			ExecutionOrderSort2 (0ms)
			AwakeInstancesAfterBackupRestoration (14ms)
Platform modules already initialized, skipping
Refreshing native plugins compatible for Editor in 5.52 ms, found 4 plugins.
Preloading 0 native plugins for Editor in 0.00 ms.
Unloading 6061 Unused Serialized files (Serialized files now loaded: 0)
Unloading 64 unused Assets / (311.0 KB). Loaded Objects now: 6811.
Memory consumption went from 234.2 MB to 233.9 MB.
Total: 7.298600 ms (FindLiveObjects: 0.447000 ms CreateObjectMapping: 0.460100 ms MarkObjects: 6.322600 ms  DeleteObjects: 0.067800 ms)

AssetImportParameters requested are different than current active one (requested -> active):
  custom:video-decoder-ogg-theora: a1e56fd34408186e4bbccfd4996cb3dc -> 
  custom:container-muxer-webm: aa71ff27fc2769a1b78a27578f13a17b -> 
  custom:container-demuxer-webm: 4f35f7cbe854078d1ac9338744f61a02 -> 
  custom:video-encoder-webm-vp8: eb34c28f22e8b96e1ab97ce403110664 -> 
  custom:audio-encoder-webm-vorbis: bf7c407c2cedff20999df2af8eb42d56 -> 
  custom:framework-win-MediaFoundation: 216162199b28c13a410421893ffa2e32 -> 
  custom:container-demuxer-ogg: 62fdf1f143b41e24485cea50d1cbac27 -> 
  custom:video-decoder-webm-vp8: 9c59270c3fd7afecdb556c50c9e8de78 -> 
  custom:audio-decoder-ogg-vorbis: bf7c407c2cedff20999df2af8eb42d56 -> 
========================================================================
Received Import Request.
  Time since last request: 157.123424 seconds.
  path: Assets/prefabs/A4-2(a4-2)_爱给网_aigei_com.prefab
  artifactKey: Guid(378349e3ff9ef9948868be28402a8065) Importer(815301076,1909f56bfc062723c751e8b465ee728b)
Start importing Assets/prefabs/A4-2(a4-2)_爱给网_aigei_com.prefab using Guid(378349e3ff9ef9948868be28402a8065) Importer(815301076,1909f56bfc062723c751e8b465ee728b)  -> (artifact id: '8c44eb280dd97f9a49964d708fec6391') in 0.160662 seconds 
========================================================================
Received Import Request.
  Time since last request: 9.636016 seconds.
  path: Assets/prefabs/A4-3(a4-3)_爱给网_aigei_com.prefab
  artifactKey: Guid(a1ba1de2d890045408336afa40cbc37b) Importer(815301076,1909f56bfc062723c751e8b465ee728b)
Start importing Assets/prefabs/A4-3(a4-3)_爱给网_aigei_com.prefab using Guid(a1ba1de2d890045408336afa40cbc37b) Importer(815301076,1909f56bfc062723c751e8b465ee728b)  -> (artifact id: '4f9c6fc7fe328756b591ebb547d37dd0') in 0.019462 seconds 
========================================================================
Received Import Request.
  Time since last request: 5.417013 seconds.
  path: Assets/prefabs/A4-3(a4-3)_爱给网_aigei_com.prefab
  artifactKey: Guid(a1ba1de2d890045408336afa40cbc37b) Importer(815301076,1909f56bfc062723c751e8b465ee728b)
Start importing Assets/prefabs/A4-3(a4-3)_爱给网_aigei_com.prefab using Guid(a1ba1de2d890045408336afa40cbc37b) Importer(815301076,1909f56bfc062723c751e8b465ee728b)  -> (artifact id: '479e0d225875474303e978c821904850') in 0.010503 seconds 
========================================================================
Received Import Request.
  Time since last request: 3.084088 seconds.
  path: Assets/prefabs/A4-6(a4-6)_爱给网_aigei_com.prefab
  artifactKey: Guid(a1e0e2655f973ae48ab7f72fc707434a) Importer(815301076,1909f56bfc062723c751e8b465ee728b)
Start importing Assets/prefabs/A4-6(a4-6)_爱给网_aigei_com.prefab using Guid(a1e0e2655f973ae48ab7f72fc707434a) Importer(815301076,1909f56bfc062723c751e8b465ee728b)  -> (artifact id: '9d4c446eb9c27ceb4f01c6a6a080c8bd') in 0.010746 seconds 
========================================================================
Received Import Request.
  Time since last request: 2.289039 seconds.
  path: Assets/prefabs/A4-6(a4-6)_爱给网_aigei_com.prefab
  artifactKey: Guid(a1e0e2655f973ae48ab7f72fc707434a) Importer(815301076,1909f56bfc062723c751e8b465ee728b)
Start importing Assets/prefabs/A4-6(a4-6)_爱给网_aigei_com.prefab using Guid(a1e0e2655f973ae48ab7f72fc707434a) Importer(815301076,1909f56bfc062723c751e8b465ee728b)  -> (artifact id: 'd35f047fb50e3a7520a7d90462b0020c') in 0.010193 seconds 
========================================================================
Received Prepare
Registering precompiled user dll's ...
Registered in 0.006342 seconds.
Begin MonoManager ReloadAssembly
Symbol file LoadedFromMemory doesn't match image F:\COMP602-Plane-war\My project\Library\PackageCache\com.unity.visualscripting@1.7.8\Editor\VisualScripting.Core\Dependencies\DotNetZip\Unity.VisualScripting.IonicZip.dll
Symbol file LoadedFromMemory doesn't match image F:\COMP602-Plane-war\My project\Library\PackageCache\com.unity.visualscripting@1.7.8\Editor\VisualScripting.Core\Dependencies\YamlDotNet\Unity.VisualScripting.YamlDotNet.dll
Native extension for WindowsStandalone target not found
Native extension for WebGL target not found
Refreshing native plugins compatible for Editor in 1.29 ms, found 4 plugins.
Preloading 0 native plugins for Editor in 0.00 ms.
Mono: successfully reloaded assembly
- Completed reload, in  1.273 seconds
Domain Reload Profiling:
	ReloadAssembly (1274ms)
		BeginReloadAssembly (118ms)
			ExecutionOrderSort (0ms)
			DisableScriptedObjects (9ms)
			BackupInstance (0ms)
			ReleaseScriptingObjects (0ms)
			CreateAndSetChildDomain (40ms)
		EndReloadAssembly (1059ms)
			LoadAssemblies (88ms)
			RebuildTransferFunctionScriptingTraits (0ms)
			SetupTypeCache (266ms)
			ReleaseScriptCaches (2ms)
			RebuildScriptCaches (57ms)
			SetupLoadedEditorAssemblies (552ms)
				LogAssemblyErrors (0ms)
				InitializePlatformSupportModulesInManaged (10ms)
				SetLoadedEditorAssemblies (0ms)
				RefreshPlugins (1ms)
				BeforeProcessingInitializeOnLoad (101ms)
				ProcessInitializeOnLoadAttributes (245ms)
				ProcessInitializeOnLoadMethodAttributes (192ms)
				AfterProcessingInitializeOnLoad (2ms)
				EditorAssembliesLoaded (0ms)
			ExecutionOrderSort2 (0ms)
			AwakeInstancesAfterBackupRestoration (13ms)
Platform modules already initialized, skipping
Refreshing native plugins compatible for Editor in 4.41 ms, found 4 plugins.
Preloading 0 native plugins for Editor in 0.00 ms.
Unloading 6061 Unused Serialized files (Serialized files now loaded: 0)
Unloading 64 unused Assets / (311.0 KB). Loaded Objects now: 6855.
Memory consumption went from 234.3 MB to 234.0 MB.
Total: 7.823600 ms (FindLiveObjects: 0.554500 ms CreateObjectMapping: 0.486100 ms MarkObjects: 6.706600 ms  DeleteObjects: 0.075200 ms)

AssetImportParameters requested are different than current active one (requested -> active):
  custom:video-decoder-ogg-theora: a1e56fd34408186e4bbccfd4996cb3dc -> 
  custom:container-muxer-webm: aa71ff27fc2769a1b78a27578f13a17b -> 
  custom:container-demuxer-webm: 4f35f7cbe854078d1ac9338744f61a02 -> 
  custom:video-encoder-webm-vp8: eb34c28f22e8b96e1ab97ce403110664 -> 
  custom:audio-encoder-webm-vorbis: bf7c407c2cedff20999df2af8eb42d56 -> 
  custom:framework-win-MediaFoundation: 216162199b28c13a410421893ffa2e32 -> 
  custom:container-demuxer-ogg: 62fdf1f143b41e24485cea50d1cbac27 -> 
  custom:video-decoder-webm-vp8: 9c59270c3fd7afecdb556c50c9e8de78 -> 
  custom:audio-decoder-ogg-vorbis: bf7c407c2cedff20999df2af8eb42d56 -> 
========================================================================
Received Import Request.
  Time since last request: 325.731708 seconds.
  path: Assets/prefabs/4b78836490159469cc845c2a7c63a16.prefab
  artifactKey: Guid(8feff8c1ceca23d4aa2fa7cf8e18bf16) Importer(815301076,1909f56bfc062723c751e8b465ee728b)
Start importing Assets/prefabs/4b78836490159469cc845c2a7c63a16.prefab using Guid(8feff8c1ceca23d4aa2fa7cf8e18bf16) Importer(815301076,1909f56bfc062723c751e8b465ee728b)  -> (artifact id: '0f6517806b2c57a62f630d1e5f3e74af') in 0.166694 seconds 
========================================================================
Received Import Request.
  Time since last request: 340.557727 seconds.
  path: Assets/prefabs/4b78836490159469cc845c2a7c63a16.prefab
  artifactKey: Guid(8feff8c1ceca23d4aa2fa7cf8e18bf16) Importer(815301076,1909f56bfc062723c751e8b465ee728b)
Start importing Assets/prefabs/4b78836490159469cc845c2a7c63a16.prefab using Guid(8feff8c1ceca23d4aa2fa7cf8e18bf16) Importer(815301076,1909f56bfc062723c751e8b465ee728b)  -> (artifact id: '90ba7854f84e90a596c42d8f19997d9d') in 0.019112 seconds 
========================================================================
Received Import Request.
  Time since last request: 0.000031 seconds.
  path: Assets/prefabs/A4-6(a4-6)_爱给网_aigei_com.prefab
  artifactKey: Guid(a1e0e2655f973ae48ab7f72fc707434a) Importer(815301076,1909f56bfc062723c751e8b465ee728b)
Start importing Assets/prefabs/A4-6(a4-6)_爱给网_aigei_com.prefab using Guid(a1e0e2655f973ae48ab7f72fc707434a) Importer(815301076,1909f56bfc062723c751e8b465ee728b)  -> (artifact id: '32d7dcb2b29129daa9371698fabe9101') in 0.012467 seconds 
========================================================================
Received Import Request.
  Time since last request: 0.000022 seconds.
  path: Assets/prefabs/A4-3(a4-3)_爱给网_aigei_com.prefab
  artifactKey: Guid(a1ba1de2d890045408336afa40cbc37b) Importer(815301076,1909f56bfc062723c751e8b465ee728b)
Start importing Assets/prefabs/A4-3(a4-3)_爱给网_aigei_com.prefab using Guid(a1ba1de2d890045408336afa40cbc37b) Importer(815301076,1909f56bfc062723c751e8b465ee728b)  -> (artifact id: '840e047819400e6d38237bfc44ab9ac7') in 0.013654 seconds 
========================================================================
Received Import Request.
  Time since last request: 34.925064 seconds.
  path: Assets/Code/EnemyMove.cs
  artifactKey: Guid(9d0fc423f42202343a0bafe90edb7fbf) Importer(815301076,1909f56bfc062723c751e8b465ee728b)
Start importing Assets/Code/EnemyMove.cs using Guid(9d0fc423f42202343a0bafe90edb7fbf) Importer(815301076,1909f56bfc062723c751e8b465ee728b)  -> (artifact id: '019da38d3ac72351d930b5e4d66376f9') in 0.004984 seconds 
========================================================================
Received Prepare
Registering precompiled user dll's ...
Registered in 0.006315 seconds.
Begin MonoManager ReloadAssembly
Symbol file LoadedFromMemory doesn't match image F:\COMP602-Plane-war\My project\Library\PackageCache\com.unity.visualscripting@1.7.8\Editor\VisualScripting.Core\Dependencies\DotNetZip\Unity.VisualScripting.IonicZip.dll
Symbol file LoadedFromMemory doesn't match image F:\COMP602-Plane-war\My project\Library\PackageCache\com.unity.visualscripting@1.7.8\Editor\VisualScripting.Core\Dependencies\YamlDotNet\Unity.VisualScripting.YamlDotNet.dll
Native extension for WindowsStandalone target not found
Native extension for WebGL target not found
Refreshing native plugins compatible for Editor in 1.06 ms, found 4 plugins.
Preloading 0 native plugins for Editor in 0.00 ms.
Mono: successfully reloaded assembly
- Completed reload, in  1.201 seconds
Domain Reload Profiling:
	ReloadAssembly (1202ms)
		BeginReloadAssembly (136ms)
			ExecutionOrderSort (0ms)
			DisableScriptedObjects (10ms)
			BackupInstance (0ms)
			ReleaseScriptingObjects (0ms)
			CreateAndSetChildDomain (51ms)
		EndReloadAssembly (977ms)
			LoadAssemblies (95ms)
			RebuildTransferFunctionScriptingTraits (0ms)
			SetupTypeCache (279ms)
			ReleaseScriptCaches (2ms)
			RebuildScriptCaches (51ms)
			SetupLoadedEditorAssemblies (472ms)
				LogAssemblyErrors (0ms)
				InitializePlatformSupportModulesInManaged (10ms)
				SetLoadedEditorAssemblies (0ms)
				RefreshPlugins (1ms)
				BeforeProcessingInitializeOnLoad (84ms)
				ProcessInitializeOnLoadAttributes (213ms)
				ProcessInitializeOnLoadMethodAttributes (160ms)
				AfterProcessingInitializeOnLoad (2ms)
				EditorAssembliesLoaded (0ms)
			ExecutionOrderSort2 (0ms)
			AwakeInstancesAfterBackupRestoration (16ms)
Platform modules already initialized, skipping
Refreshing native plugins compatible for Editor in 4.06 ms, found 4 plugins.
Preloading 0 native plugins for Editor in 0.00 ms.
Unloading 6061 Unused Serialized files (Serialized files now loaded: 0)
Unloading 64 unused Assets / (311.0 KB). Loaded Objects now: 6899.
Memory consumption went from 234.3 MB to 234.0 MB.
Total: 5.922800 ms (FindLiveObjects: 0.540300 ms CreateObjectMapping: 0.456700 ms MarkObjects: 4.856100 ms  DeleteObjects: 0.068700 ms)

AssetImportParameters requested are different than current active one (requested -> active):
  custom:video-decoder-ogg-theora: a1e56fd34408186e4bbccfd4996cb3dc -> 
  custom:container-muxer-webm: aa71ff27fc2769a1b78a27578f13a17b -> 
  custom:container-demuxer-webm: 4f35f7cbe854078d1ac9338744f61a02 -> 
  custom:video-encoder-webm-vp8: eb34c28f22e8b96e1ab97ce403110664 -> 
  custom:audio-encoder-webm-vorbis: bf7c407c2cedff20999df2af8eb42d56 -> 
  custom:framework-win-MediaFoundation: 216162199b28c13a410421893ffa2e32 -> 
  custom:container-demuxer-ogg: 62fdf1f143b41e24485cea50d1cbac27 -> 
  custom:video-decoder-webm-vp8: 9c59270c3fd7afecdb556c50c9e8de78 -> 
  custom:audio-decoder-ogg-vorbis: bf7c407c2cedff20999df2af8eb42d56 -> 
========================================================================
Received Prepare
Registering precompiled user dll's ...
Registered in 0.006161 seconds.
Begin MonoManager ReloadAssembly
Symbol file LoadedFromMemory doesn't match image F:\COMP602-Plane-war\My project\Library\PackageCache\com.unity.visualscripting@1.7.8\Editor\VisualScripting.Core\Dependencies\DotNetZip\Unity.VisualScripting.IonicZip.dll
Symbol file LoadedFromMemory doesn't match image F:\COMP602-Plane-war\My project\Library\PackageCache\com.unity.visualscripting@1.7.8\Editor\VisualScripting.Core\Dependencies\YamlDotNet\Unity.VisualScripting.YamlDotNet.dll
Native extension for WindowsStandalone target not found
Native extension for WebGL target not found
Refreshing native plugins compatible for Editor in 1.42 ms, found 4 plugins.
Preloading 0 native plugins for Editor in 0.00 ms.
Mono: successfully reloaded assembly
- Completed reload, in  1.222 seconds
Domain Reload Profiling:
	ReloadAssembly (1223ms)
		BeginReloadAssembly (113ms)
			ExecutionOrderSort (0ms)
			DisableScriptedObjects (7ms)
			BackupInstance (0ms)
			ReleaseScriptingObjects (0ms)
			CreateAndSetChildDomain (36ms)
		EndReloadAssembly (1015ms)
			LoadAssemblies (89ms)
			RebuildTransferFunctionScriptingTraits (0ms)
			SetupTypeCache (274ms)
			ReleaseScriptCaches (2ms)
			RebuildScriptCaches (61ms)
			SetupLoadedEditorAssemblies (506ms)
				LogAssemblyErrors (0ms)
				InitializePlatformSupportModulesInManaged (12ms)
				SetLoadedEditorAssemblies (0ms)
				RefreshPlugins (1ms)
				BeforeProcessingInitializeOnLoad (86ms)
				ProcessInitializeOnLoadAttributes (228ms)
				ProcessInitializeOnLoadMethodAttributes (176ms)
				AfterProcessingInitializeOnLoad (2ms)
				EditorAssembliesLoaded (0ms)
			ExecutionOrderSort2 (0ms)
			AwakeInstancesAfterBackupRestoration (13ms)
Platform modules already initialized, skipping
Refreshing native plugins compatible for Editor in 4.48 ms, found 4 plugins.
Preloading 0 native plugins for Editor in 0.00 ms.
Unloading 6061 Unused Serialized files (Serialized files now loaded: 0)
Unloading 64 unused Assets / (310.9 KB). Loaded Objects now: 6902.
Memory consumption went from 234.2 MB to 233.9 MB.
Total: 6.957600 ms (FindLiveObjects: 0.474500 ms CreateObjectMapping: 0.444400 ms MarkObjects: 5.939200 ms  DeleteObjects: 0.098500 ms)

AssetImportParameters requested are different than current active one (requested -> active):
  custom:video-decoder-ogg-theora: a1e56fd34408186e4bbccfd4996cb3dc -> 
  custom:container-muxer-webm: aa71ff27fc2769a1b78a27578f13a17b -> 
  custom:container-demuxer-webm: 4f35f7cbe854078d1ac9338744f61a02 -> 
  custom:video-encoder-webm-vp8: eb34c28f22e8b96e1ab97ce403110664 -> 
  custom:audio-encoder-webm-vorbis: bf7c407c2cedff20999df2af8eb42d56 -> 
  custom:framework-win-MediaFoundation: 216162199b28c13a410421893ffa2e32 -> 
  custom:container-demuxer-ogg: 62fdf1f143b41e24485cea50d1cbac27 -> 
  custom:video-decoder-webm-vp8: 9c59270c3fd7afecdb556c50c9e8de78 -> 
  custom:audio-decoder-ogg-vorbis: bf7c407c2cedff20999df2af8eb42d56 -> 
========================================================================
Received Import Request.
  Time since last request: 67.937385 seconds.
  path: Assets/prefabs/4b78836490159469cc845c2a7c63a16.prefab
  artifactKey: Guid(8feff8c1ceca23d4aa2fa7cf8e18bf16) Importer(815301076,1909f56bfc062723c751e8b465ee728b)
Start importing Assets/prefabs/4b78836490159469cc845c2a7c63a16.prefab using Guid(8feff8c1ceca23d4aa2fa7cf8e18bf16) Importer(815301076,1909f56bfc062723c751e8b465ee728b)  -> (artifact id: 'eab8f0ff75c5fb3fcc1a30cc14c81b0b') in 0.174103 seconds 
========================================================================
Received Import Request.
  Time since last request: 0.000029 seconds.
  path: Assets/prefabs/A4-3(a4-3)_爱给网_aigei_com.prefab
  artifactKey: Guid(a1ba1de2d890045408336afa40cbc37b) Importer(815301076,1909f56bfc062723c751e8b465ee728b)
Start importing Assets/prefabs/A4-3(a4-3)_爱给网_aigei_com.prefab using Guid(a1ba1de2d890045408336afa40cbc37b) Importer(815301076,1909f56bfc062723c751e8b465ee728b)  -> (artifact id: 'd2bc72294966b9545c920f10a80bb082') in 0.020992 seconds 
========================================================================
Received Import Request.
  Time since last request: 21.919798 seconds.
  path: Assets/prefabs/4b78836490159469cc845c2a7c63a16.prefab
  artifactKey: Guid(8feff8c1ceca23d4aa2fa7cf8e18bf16) Importer(815301076,1909f56bfc062723c751e8b465ee728b)
Start importing Assets/prefabs/4b78836490159469cc845c2a7c63a16.prefab using Guid(8feff8c1ceca23d4aa2fa7cf8e18bf16) Importer(815301076,1909f56bfc062723c751e8b465ee728b)  -> (artifact id: 'ba7168fa07e7f396013a4070879e2d10') in 0.015714 seconds 
========================================================================
Received Import Request.
  Time since last request: 13.498074 seconds.
  path: Assets/Code/Boss Move.cs
  artifactKey: Guid(9123b5e70a6507645825901596d781b4) Importer(815301076,1909f56bfc062723c751e8b465ee728b)
Start importing Assets/Code/Boss Move.cs using Guid(9123b5e70a6507645825901596d781b4) Importer(815301076,1909f56bfc062723c751e8b465ee728b)  -> (artifact id: '25e7eb45fe931a9cfb5ade811316bfe9') in 0.004629 seconds 
========================================================================
Received Prepare
Registering precompiled user dll's ...
Registered in 0.006181 seconds.
Begin MonoManager ReloadAssembly
Symbol file LoadedFromMemory doesn't match image F:\COMP602-Plane-war\My project\Library\PackageCache\com.unity.visualscripting@1.7.8\Editor\VisualScripting.Core\Dependencies\DotNetZip\Unity.VisualScripting.IonicZip.dll
Symbol file LoadedFromMemory doesn't match image F:\COMP602-Plane-war\My project\Library\PackageCache\com.unity.visualscripting@1.7.8\Editor\VisualScripting.Core\Dependencies\YamlDotNet\Unity.VisualScripting.YamlDotNet.dll
Native extension for WindowsStandalone target not found
Native extension for WebGL target not found
Refreshing native plugins compatible for Editor in 1.27 ms, found 4 plugins.
Preloading 0 native plugins for Editor in 0.00 ms.
Mono: successfully reloaded assembly
- Completed reload, in  1.207 seconds
Domain Reload Profiling:
	ReloadAssembly (1208ms)
		BeginReloadAssembly (121ms)
			ExecutionOrderSort (0ms)
			DisableScriptedObjects (8ms)
			BackupInstance (0ms)
			ReleaseScriptingObjects (0ms)
			CreateAndSetChildDomain (44ms)
		EndReloadAssembly (994ms)
			LoadAssemblies (85ms)
			RebuildTransferFunctionScriptingTraits (0ms)
			SetupTypeCache (267ms)
			ReleaseScriptCaches (2ms)
			RebuildScriptCaches (55ms)
			SetupLoadedEditorAssemblies (490ms)
				LogAssemblyErrors (0ms)
				InitializePlatformSupportModulesInManaged (12ms)
				SetLoadedEditorAssemblies (0ms)
				RefreshPlugins (1ms)
				BeforeProcessingInitializeOnLoad (89ms)
				ProcessInitializeOnLoadAttributes (224ms)
				ProcessInitializeOnLoadMethodAttributes (160ms)
				AfterProcessingInitializeOnLoad (3ms)
				EditorAssembliesLoaded (0ms)
			ExecutionOrderSort2 (0ms)
			AwakeInstancesAfterBackupRestoration (13ms)
Platform modules already initialized, skipping
Refreshing native plugins compatible for Editor in 5.25 ms, found 4 plugins.
Preloading 0 native plugins for Editor in 0.00 ms.
Unloading 6062 Unused Serialized files (Serialized files now loaded: 0)
Unloading 64 unused Assets / (310.9 KB). Loaded Objects now: 6947.
Memory consumption went from 234.4 MB to 234.1 MB.
Total: 6.612600 ms (FindLiveObjects: 0.568000 ms CreateObjectMapping: 0.649400 ms MarkObjects: 5.303800 ms  DeleteObjects: 0.090100 ms)

AssetImportParameters requested are different than current active one (requested -> active):
  custom:video-decoder-ogg-theora: a1e56fd34408186e4bbccfd4996cb3dc -> 
  custom:container-muxer-webm: aa71ff27fc2769a1b78a27578f13a17b -> 
  custom:container-demuxer-webm: 4f35f7cbe854078d1ac9338744f61a02 -> 
  custom:video-encoder-webm-vp8: eb34c28f22e8b96e1ab97ce403110664 -> 
  custom:audio-encoder-webm-vorbis: bf7c407c2cedff20999df2af8eb42d56 -> 
  custom:framework-win-MediaFoundation: 216162199b28c13a410421893ffa2e32 -> 
  custom:container-demuxer-ogg: 62fdf1f143b41e24485cea50d1cbac27 -> 
  custom:video-decoder-webm-vp8: 9c59270c3fd7afecdb556c50c9e8de78 -> 
  custom:audio-decoder-ogg-vorbis: bf7c407c2cedff20999df2af8eb42d56 -> 
========================================================================
Received Import Request.
  Time since last request: 42.604373 seconds.
  path: Assets/素材/Materials/A4-2(a4-2)_爱给网_aigei_com.mat
  artifactKey: Guid(fa6e1391894e979488aff259e1bd2cd4) Importer(815301076,1909f56bfc062723c751e8b465ee728b)
Start importing Assets/素材/Materials/A4-2(a4-2)_爱给网_aigei_com.mat using Guid(fa6e1391894e979488aff259e1bd2cd4) Importer(815301076,1909f56bfc062723c751e8b465ee728b)  -> (artifact id: '67d1f1ba87cd3a1735c6e32da95f7804') in 0.151211 seconds 
========================================================================
Received Import Request.
  Time since last request: 61.333216 seconds.
  path: Assets/Code/Boss Move.cs
  artifactKey: Guid(9123b5e70a6507645825901596d781b4) Importer(815301076,1909f56bfc062723c751e8b465ee728b)
Start importing Assets/Code/Boss Move.cs using Guid(9123b5e70a6507645825901596d781b4) Importer(815301076,1909f56bfc062723c751e8b465ee728b)  -> (artifact id: '487c9f457036487cc77bf7d074bee80c') in 0.001698 seconds 
========================================================================
Received Import Request.
  Time since last request: 57.683198 seconds.
  path: Assets/Code/BossMove.cs
  artifactKey: Guid(9123b5e70a6507645825901596d781b4) Importer(815301076,1909f56bfc062723c751e8b465ee728b)
Start importing Assets/Code/BossMove.cs using Guid(9123b5e70a6507645825901596d781b4) Importer(815301076,1909f56bfc062723c751e8b465ee728b)  -> (artifact id: 'a61c137258ec8f8bb3484760e52bd61b') in 0.004559 seconds 
========================================================================
Received Import Request.
  Time since last request: 294.722240 seconds.
  path: Assets/prefabs/PLAYER.prefab
  artifactKey: Guid(f9d6aa7843172ad4eb555c6dd219bc4a) Importer(815301076,1909f56bfc062723c751e8b465ee728b)
Start importing Assets/prefabs/PLAYER.prefab using Guid(f9d6aa7843172ad4eb555c6dd219bc4a) Importer(815301076,1909f56bfc062723c751e8b465ee728b)  -> (artifact id: '7e97a359d2084b7cd7cfccb634191f5e') in 0.030304 seconds 
========================================================================
Received Import Request.
  Time since last request: 15.691023 seconds.
  path: Assets/prefabs/PLAYER.prefab
  artifactKey: Guid(f9d6aa7843172ad4eb555c6dd219bc4a) Importer(815301076,1909f56bfc062723c751e8b465ee728b)
Start importing Assets/prefabs/PLAYER.prefab using Guid(f9d6aa7843172ad4eb555c6dd219bc4a) Importer(815301076,1909f56bfc062723c751e8b465ee728b)  -> (artifact id: '5a40e9995e47195ac1c1659f8b102a66') in 0.010321 seconds 
AssetImportWorkerClient::OnTransportError - code=10054 error=Զǿȹرһеӡ
