Using pre-set license
Built from '2021.3/staging' branch; Version is '2021.3.10f1 (1c7d0df0160b) revision 1867021'; Using compiler version '192829333'; Build Type 'Release'
OS: 'Windows 11  (10.0.22000) 64bit Professional' Language: 'zh' Physical Memory: 32646 MB
BatchMode: 1, IsHumanControllingUs: 0, StartBugReporterOnCrash: 0, Is64bit: 1, IsPro: 1

COMMAND LINE ARGUMENTS:
D:\Unity\unity editor\2021.3.10f1\Editor\Unity.exe
-adb2
-batchMode
-noUpm
-name
AssetImportWorker0
-projectPath
F:/COMP602-Plane-war/My project
-logFile
Logs/AssetImportWorker0.log
-srvPort
50833
Successfully changed project path to: F:/COMP602-Plane-war/My project
F:/COMP602-Plane-war/My project
[UnityMemory] Configuration Parameters - Can be set up in boot.config
    "memorysetup-bucket-allocator-granularity=16"
    "memorysetup-bucket-allocator-bucket-count=8"
    "memorysetup-bucket-allocator-block-size=33554432"
    "memorysetup-bucket-allocator-block-count=8"
    "memorysetup-main-allocator-block-size=16777216"
    "memorysetup-thread-allocator-block-size=16777216"
    "memorysetup-gfx-main-allocator-block-size=16777216"
    "memorysetup-gfx-thread-allocator-block-size=16777216"
    "memorysetup-cache-allocator-block-size=4194304"
    "memorysetup-typetree-allocator-block-size=2097152"
    "memorysetup-profiler-bucket-allocator-granularity=16"
    "memorysetup-profiler-bucket-allocator-bucket-count=8"
    "memorysetup-profiler-bucket-allocator-block-size=33554432"
    "memorysetup-profiler-bucket-allocator-block-count=8"
    "memorysetup-profiler-allocator-block-size=16777216"
    "memorysetup-profiler-editor-allocator-block-size=1048576"
    "memorysetup-temp-allocator-size-main=16777216"
    "memorysetup-job-temp-allocator-block-size=2097152"
    "memorysetup-job-temp-allocator-block-size-background=1048576"
    "memorysetup-job-temp-allocator-reduction-small-platforms=262144"
    "memorysetup-temp-allocator-size-background-worker=32768"
    "memorysetup-temp-allocator-size-job-worker=262144"
    "memorysetup-temp-allocator-size-preload-manager=33554432"
    "memorysetup-temp-allocator-size-nav-mesh-worker=65536"
    "memorysetup-temp-allocator-size-audio-worker=65536"
    "memorysetup-temp-allocator-size-cloud-worker=32768"
    "memorysetup-temp-allocator-size-gi-baking-worker=262144"
    "memorysetup-temp-allocator-size-gfx=262144"
Refreshing native plugins compatible for Editor in 146.94 ms, found 4 plugins.
Preloading 0 native plugins for Editor in 0.00 ms.
Initialize engine version: 2021.3.10f1 (1c7d0df0160b)
[Subsystems] Discovering subsystems at path D:/Unity/unity editor/2021.3.10f1/Editor/Data/Resources/UnitySubsystems
[Subsystems] Discovering subsystems at path F:/COMP602-Plane-war/My project/Assets
GfxDevice: creating device client; threaded=0; jobified=0
Direct3D:
    Version:  Direct3D 11.0 [level 11.1]
    Renderer: NVIDIA GeForce RTX 3080 (ID=0x2216)
    Vendor:   NVIDIA
    VRAM:     10078 MB
    Driver:   31.0.15.1694
Initialize mono
Mono path[0] = 'D:/Unity/unity editor/2021.3.10f1/Editor/Data/Managed'
Mono path[1] = 'D:/Unity/unity editor/2021.3.10f1/Editor/Data/MonoBleedingEdge/lib/mono/unityjit-win32'
Mono config path = 'D:/Unity/unity editor/2021.3.10f1/Editor/Data/MonoBleedingEdge/etc'
Using monoOptions --debugger-agent=transport=dt_socket,embedding=1,server=y,suspend=n,address=127.0.0.1:56652
Begin MonoManager ReloadAssembly
Registering precompiled unity dll's ...
Register platform support module: D:/Unity/unity editor/2021.3.10f1/Editor/Data/PlaybackEngines/WebGLSupport/UnityEditor.WebGL.Extensions.dll
Register platform support module: D:/Unity/unity editor/2021.3.10f1/Editor/Data/PlaybackEngines/WindowsStandaloneSupport/UnityEditor.WindowsStandalone.Extensions.dll
Registered in 0.002792 seconds.
Native extension for WindowsStandalone target not found
Native extension for WebGL target not found
Refreshing native plugins compatible for Editor in 129.74 ms, found 4 plugins.
Preloading 0 native plugins for Editor in 0.00 ms.
Mono: successfully reloaded assembly
- Completed reload, in  0.707 seconds
Domain Reload Profiling:
	ReloadAssembly (708ms)
		BeginReloadAssembly (84ms)
			ExecutionOrderSort (0ms)
			DisableScriptedObjects (0ms)
			BackupInstance (0ms)
			ReleaseScriptingObjects (0ms)
			CreateAndSetChildDomain (1ms)
		EndReloadAssembly (517ms)
			LoadAssemblies (82ms)
			RebuildTransferFunctionScriptingTraits (0ms)
			SetupTypeCache (126ms)
			ReleaseScriptCaches (0ms)
			RebuildScriptCaches (28ms)
			SetupLoadedEditorAssemblies (318ms)
				LogAssemblyErrors (0ms)
				InitializePlatformSupportModulesInManaged (8ms)
				SetLoadedEditorAssemblies (0ms)
				RefreshPlugins (130ms)
				BeforeProcessingInitializeOnLoad (1ms)
				ProcessInitializeOnLoadAttributes (135ms)
				ProcessInitializeOnLoadMethodAttributes (44ms)
				AfterProcessingInitializeOnLoad (0ms)
				EditorAssembliesLoaded (0ms)
			ExecutionOrderSort2 (0ms)
			AwakeInstancesAfterBackupRestoration (0ms)
Platform modules already initialized, skipping
Registering precompiled user dll's ...
Registered in 0.006412 seconds.
Begin MonoManager ReloadAssembly
Symbol file LoadedFromMemory doesn't match image F:\COMP602-Plane-war\My project\Library\PackageCache\com.unity.visualscripting@1.7.8\Editor\VisualScripting.Core\Dependencies\DotNetZip\Unity.VisualScripting.IonicZip.dll
Symbol file LoadedFromMemory doesn't match image F:\COMP602-Plane-war\My project\Library\PackageCache\com.unity.visualscripting@1.7.8\Editor\VisualScripting.Core\Dependencies\YamlDotNet\Unity.VisualScripting.YamlDotNet.dll
Native extension for WindowsStandalone target not found
Native extension for WebGL target not found
Refreshing native plugins compatible for Editor in 120.60 ms, found 4 plugins.
Preloading 0 native plugins for Editor in 0.00 ms.
Package Manager log level set to [2]
Mono: successfully reloaded assembly
- Completed reload, in  1.323 seconds
Domain Reload Profiling:
	ReloadAssembly (1324ms)
		BeginReloadAssembly (93ms)
			ExecutionOrderSort (0ms)
			DisableScriptedObjects (6ms)
			BackupInstance (0ms)
			ReleaseScriptingObjects (0ms)
			CreateAndSetChildDomain (17ms)
		EndReloadAssembly (1133ms)
			LoadAssemblies (86ms)
			RebuildTransferFunctionScriptingTraits (0ms)
			SetupTypeCache (270ms)
			ReleaseScriptCaches (1ms)
			RebuildScriptCaches (64ms)
			SetupLoadedEditorAssemblies (669ms)
				LogAssemblyErrors (0ms)
				InitializePlatformSupportModulesInManaged (3ms)
				SetLoadedEditorAssemblies (0ms)
				RefreshPlugins (121ms)
				BeforeProcessingInitializeOnLoad (120ms)
				ProcessInitializeOnLoadAttributes (250ms)
				ProcessInitializeOnLoadMethodAttributes (172ms)
				AfterProcessingInitializeOnLoad (2ms)
				EditorAssembliesLoaded (0ms)
			ExecutionOrderSort2 (0ms)
			AwakeInstancesAfterBackupRestoration (5ms)
Platform modules already initialized, skipping
========================================================================
Worker process is ready to serve import requests
Launched and connected shader compiler UnityShaderCompiler.exe after 0.04 seconds
Refreshing native plugins compatible for Editor in 1.18 ms, found 4 plugins.
Preloading 0 native plugins for Editor in 0.00 ms.
Unloading 6199 Unused Serialized files (Serialized files now loaded: 0)
Unloading 80 unused Assets / (0.7 MB). Loaded Objects now: 6618.
Memory consumption went from 237.5 MB to 236.8 MB.
Total: 6.659200 ms (FindLiveObjects: 0.434200 ms CreateObjectMapping: 0.520600 ms MarkObjects: 5.427300 ms  DeleteObjects: 0.276200 ms)

AssetImportParameters requested are different than current active one (requested -> active):
  custom:video-decoder-ogg-theora: a1e56fd34408186e4bbccfd4996cb3dc -> 
  custom:container-muxer-webm: aa71ff27fc2769a1b78a27578f13a17b -> 
  custom:container-demuxer-webm: 4f35f7cbe854078d1ac9338744f61a02 -> 
  custom:video-encoder-webm-vp8: eb34c28f22e8b96e1ab97ce403110664 -> 
  custom:audio-encoder-webm-vorbis: bf7c407c2cedff20999df2af8eb42d56 -> 
  custom:framework-win-MediaFoundation: 216162199b28c13a410421893ffa2e32 -> 
  custom:container-demuxer-ogg: 62fdf1f143b41e24485cea50d1cbac27 -> 
  custom:video-decoder-webm-vp8: 9c59270c3fd7afecdb556c50c9e8de78 -> 
  custom:audio-decoder-ogg-vorbis: bf7c407c2cedff20999df2af8eb42d56 -> 
========================================================================
Received Import Request.
  Time since last request: 32604.356633 seconds.
  path: Assets/素材/0c5e19d7027f971591253349ade5a02.png
  artifactKey: Guid(29bab70c559ee214b97c2475ee839021) Importer(815301076,1909f56bfc062723c751e8b465ee728b)
Start importing Assets/素材/0c5e19d7027f971591253349ade5a02.png using Guid(29bab70c559ee214b97c2475ee839021) Importer(815301076,1909f56bfc062723c751e8b465ee728b)  -> (artifact id: '8617ebe44c7f1ccbaf06f27176fda606') in 0.184707 seconds 
========================================================================
Received Import Request.
  Time since last request: 0.000019 seconds.
  path: Assets/素材/acbf463ec78097932ec4f7e5ff22590.png
  artifactKey: Guid(2bb4f35e887d83e47b3cd66885053754) Importer(815301076,1909f56bfc062723c751e8b465ee728b)
Start importing Assets/素材/acbf463ec78097932ec4f7e5ff22590.png using Guid(2bb4f35e887d83e47b3cd66885053754) Importer(815301076,1909f56bfc062723c751e8b465ee728b)  -> (artifact id: '69f9af0c79fe6f69a38921b8cc8d2dc3') in 0.038638 seconds 
========================================================================
Received Import Request.
  Time since last request: 0.000024 seconds.
  path: Assets/素材/p-f02_爱给网_aigei_com.png
  artifactKey: Guid(a6213103a1de8484092aa9363d36f41f) Importer(815301076,1909f56bfc062723c751e8b465ee728b)
Start importing Assets/素材/p-f02_爱给网_aigei_com.png using Guid(a6213103a1de8484092aa9363d36f41f) Importer(815301076,1909f56bfc062723c751e8b465ee728b)  -> (artifact id: 'c7c22974d916d579e08c79303ece8e5d') in 0.014810 seconds 
========================================================================
Received Prepare
Registering precompiled user dll's ...
Registered in 0.006077 seconds.
Begin MonoManager ReloadAssembly
Symbol file LoadedFromMemory doesn't match image F:\COMP602-Plane-war\My project\Library\PackageCache\com.unity.visualscripting@1.7.8\Editor\VisualScripting.Core\Dependencies\DotNetZip\Unity.VisualScripting.IonicZip.dll
Symbol file LoadedFromMemory doesn't match image F:\COMP602-Plane-war\My project\Library\PackageCache\com.unity.visualscripting@1.7.8\Editor\VisualScripting.Core\Dependencies\YamlDotNet\Unity.VisualScripting.YamlDotNet.dll
Native extension for WindowsStandalone target not found
Native extension for WebGL target not found
Refreshing native plugins compatible for Editor in 1.17 ms, found 4 plugins.
Preloading 0 native plugins for Editor in 0.00 ms.
Mono: successfully reloaded assembly
- Completed reload, in  1.190 seconds
Domain Reload Profiling:
	ReloadAssembly (1191ms)
		BeginReloadAssembly (112ms)
			ExecutionOrderSort (0ms)
			DisableScriptedObjects (6ms)
			BackupInstance (0ms)
			ReleaseScriptingObjects (0ms)
			CreateAndSetChildDomain (39ms)
		EndReloadAssembly (991ms)
			LoadAssemblies (78ms)
			RebuildTransferFunctionScriptingTraits (0ms)
			SetupTypeCache (274ms)
			ReleaseScriptCaches (2ms)
			RebuildScriptCaches (54ms)
			SetupLoadedEditorAssemblies (522ms)
				LogAssemblyErrors (0ms)
				InitializePlatformSupportModulesInManaged (13ms)
				SetLoadedEditorAssemblies (1ms)
				RefreshPlugins (1ms)
				BeforeProcessingInitializeOnLoad (88ms)
				ProcessInitializeOnLoadAttributes (229ms)
				ProcessInitializeOnLoadMethodAttributes (188ms)
				AfterProcessingInitializeOnLoad (2ms)
				EditorAssembliesLoaded (0ms)
			ExecutionOrderSort2 (0ms)
			AwakeInstancesAfterBackupRestoration (10ms)
Platform modules already initialized, skipping
Refreshing native plugins compatible for Editor in 5.10 ms, found 4 plugins.
Preloading 0 native plugins for Editor in 0.00 ms.
Unloading 6055 Unused Serialized files (Serialized files now loaded: 0)
Unloading 67 unused Assets / (0.7 MB). Loaded Objects now: 6633.
Memory consumption went from 231.0 MB to 230.3 MB.
Total: 6.787500 ms (FindLiveObjects: 0.465700 ms CreateObjectMapping: 0.527100 ms MarkObjects: 5.526500 ms  DeleteObjects: 0.267200 ms)

AssetImportParameters requested are different than current active one (requested -> active):
  custom:video-decoder-ogg-theora: a1e56fd34408186e4bbccfd4996cb3dc -> 
  custom:container-muxer-webm: aa71ff27fc2769a1b78a27578f13a17b -> 
  custom:container-demuxer-webm: 4f35f7cbe854078d1ac9338744f61a02 -> 
  custom:video-encoder-webm-vp8: eb34c28f22e8b96e1ab97ce403110664 -> 
  custom:audio-encoder-webm-vorbis: bf7c407c2cedff20999df2af8eb42d56 -> 
  custom:framework-win-MediaFoundation: 216162199b28c13a410421893ffa2e32 -> 
  custom:container-demuxer-ogg: 62fdf1f143b41e24485cea50d1cbac27 -> 
  custom:video-decoder-webm-vp8: 9c59270c3fd7afecdb556c50c9e8de78 -> 
  custom:audio-decoder-ogg-vorbis: bf7c407c2cedff20999df2af8eb42d56 -> 
========================================================================
Received Import Request.
  Time since last request: 47.204844 seconds.
  path: Assets/prefabs/4b78836490159469cc845c2a7c63a16.prefab
  artifactKey: Guid(8feff8c1ceca23d4aa2fa7cf8e18bf16) Importer(815301076,1909f56bfc062723c751e8b465ee728b)
Start importing Assets/prefabs/4b78836490159469cc845c2a7c63a16.prefab using Guid(8feff8c1ceca23d4aa2fa7cf8e18bf16) Importer(815301076,1909f56bfc062723c751e8b465ee728b)  -> (artifact id: '2b2fed4f9a609119026aa5f41e63d1ed') in 0.199144 seconds 
========================================================================
Received Import Request.
  Time since last request: 0.000027 seconds.
  path: Assets/prefabs/ZiDan.prefab
  artifactKey: Guid(e997da209a3982a449b34699fa00d5a0) Importer(815301076,1909f56bfc062723c751e8b465ee728b)
Start importing Assets/prefabs/ZiDan.prefab using Guid(e997da209a3982a449b34699fa00d5a0) Importer(815301076,1909f56bfc062723c751e8b465ee728b)  -> (artifact id: '426177e7f591aa0779ad3487c35a505f') in 0.012051 seconds 
========================================================================
Received Import Request.
  Time since last request: 18.982789 seconds.
  path: Assets/prefabs/acbf463ec78097932ec4f7e5ff22590.prefab
  artifactKey: Guid(7529189932f58994db4773995d0d1a44) Importer(815301076,1909f56bfc062723c751e8b465ee728b)
Start importing Assets/prefabs/acbf463ec78097932ec4f7e5ff22590.prefab using Guid(7529189932f58994db4773995d0d1a44) Importer(815301076,1909f56bfc062723c751e8b465ee728b)  -> (artifact id: '72586289eb658cc0aa2b562674512316') in 0.010930 seconds 
========================================================================
Received Import Request.
  Time since last request: 26.800623 seconds.
  path: Assets/prefabs/4b78836490159469cc845c2a7c63a16.prefab
  artifactKey: Guid(8feff8c1ceca23d4aa2fa7cf8e18bf16) Importer(815301076,1909f56bfc062723c751e8b465ee728b)
Start importing Assets/prefabs/4b78836490159469cc845c2a7c63a16.prefab using Guid(8feff8c1ceca23d4aa2fa7cf8e18bf16) Importer(815301076,1909f56bfc062723c751e8b465ee728b)  -> (artifact id: 'e7ea55c8c127d84b6d281a4c054a5b42') in 0.012184 seconds 
========================================================================
Received Prepare
Registering precompiled user dll's ...
Registered in 0.006048 seconds.
Begin MonoManager ReloadAssembly
Symbol file LoadedFromMemory doesn't match image F:\COMP602-Plane-war\My project\Library\PackageCache\com.unity.visualscripting@1.7.8\Editor\VisualScripting.Core\Dependencies\DotNetZip\Unity.VisualScripting.IonicZip.dll
Symbol file LoadedFromMemory doesn't match image F:\COMP602-Plane-war\My project\Library\PackageCache\com.unity.visualscripting@1.7.8\Editor\VisualScripting.Core\Dependencies\YamlDotNet\Unity.VisualScripting.YamlDotNet.dll
Native extension for WindowsStandalone target not found
Native extension for WebGL target not found
Refreshing native plugins compatible for Editor in 1.18 ms, found 4 plugins.
Preloading 0 native plugins for Editor in 0.00 ms.
Mono: successfully reloaded assembly
- Completed reload, in  1.272 seconds
Domain Reload Profiling:
	ReloadAssembly (1273ms)
		BeginReloadAssembly (126ms)
			ExecutionOrderSort (0ms)
			DisableScriptedObjects (7ms)
			BackupInstance (0ms)
			ReleaseScriptingObjects (0ms)
			CreateAndSetChildDomain (44ms)
		EndReloadAssembly (1058ms)
			LoadAssemblies (89ms)
			RebuildTransferFunctionScriptingTraits (0ms)
			SetupTypeCache (272ms)
			ReleaseScriptCaches (2ms)
			RebuildScriptCaches (52ms)
			SetupLoadedEditorAssemblies (563ms)
				LogAssemblyErrors (0ms)
				InitializePlatformSupportModulesInManaged (13ms)
				SetLoadedEditorAssemblies (0ms)
				RefreshPlugins (1ms)
				BeforeProcessingInitializeOnLoad (101ms)
				ProcessInitializeOnLoadAttributes (249ms)
				ProcessInitializeOnLoadMethodAttributes (197ms)
				AfterProcessingInitializeOnLoad (2ms)
				EditorAssembliesLoaded (0ms)
			ExecutionOrderSort2 (0ms)
			AwakeInstancesAfterBackupRestoration (13ms)
Platform modules already initialized, skipping
Refreshing native plugins compatible for Editor in 4.40 ms, found 4 plugins.
Preloading 0 native plugins for Editor in 0.00 ms.
Unloading 6062 Unused Serialized files (Serialized files now loaded: 0)
Unloading 67 unused Assets / (0.7 MB). Loaded Objects now: 6684.
Memory consumption went from 234.0 MB to 233.3 MB.
Total: 6.439300 ms (FindLiveObjects: 0.393000 ms CreateObjectMapping: 0.380800 ms MarkObjects: 5.369400 ms  DeleteObjects: 0.294900 ms)

AssetImportParameters requested are different than current active one (requested -> active):
  custom:video-decoder-ogg-theora: a1e56fd34408186e4bbccfd4996cb3dc -> 
  custom:container-muxer-webm: aa71ff27fc2769a1b78a27578f13a17b -> 
  custom:container-demuxer-webm: 4f35f7cbe854078d1ac9338744f61a02 -> 
  custom:video-encoder-webm-vp8: eb34c28f22e8b96e1ab97ce403110664 -> 
  custom:audio-encoder-webm-vorbis: bf7c407c2cedff20999df2af8eb42d56 -> 
  custom:framework-win-MediaFoundation: 216162199b28c13a410421893ffa2e32 -> 
  custom:container-demuxer-ogg: 62fdf1f143b41e24485cea50d1cbac27 -> 
  custom:video-decoder-webm-vp8: 9c59270c3fd7afecdb556c50c9e8de78 -> 
  custom:audio-decoder-ogg-vorbis: bf7c407c2cedff20999df2af8eb42d56 -> 
========================================================================
Received Prepare
Registering precompiled user dll's ...
Registered in 0.006416 seconds.
Begin MonoManager ReloadAssembly
Symbol file LoadedFromMemory doesn't match image F:\COMP602-Plane-war\My project\Library\PackageCache\com.unity.visualscripting@1.7.8\Editor\VisualScripting.Core\Dependencies\DotNetZip\Unity.VisualScripting.IonicZip.dll
Symbol file LoadedFromMemory doesn't match image F:\COMP602-Plane-war\My project\Library\PackageCache\com.unity.visualscripting@1.7.8\Editor\VisualScripting.Core\Dependencies\YamlDotNet\Unity.VisualScripting.YamlDotNet.dll
Native extension for WindowsStandalone target not found
Native extension for WebGL target not found
Refreshing native plugins compatible for Editor in 1.19 ms, found 4 plugins.
Preloading 0 native plugins for Editor in 0.00 ms.
Mono: successfully reloaded assembly
- Completed reload, in  1.294 seconds
Domain Reload Profiling:
	ReloadAssembly (1295ms)
		BeginReloadAssembly (127ms)
			ExecutionOrderSort (0ms)
			DisableScriptedObjects (9ms)
			BackupInstance (0ms)
			ReleaseScriptingObjects (0ms)
			CreateAndSetChildDomain (45ms)
		EndReloadAssembly (1073ms)
			LoadAssemblies (87ms)
			RebuildTransferFunctionScriptingTraits (0ms)
			SetupTypeCache (297ms)
			ReleaseScriptCaches (2ms)
			RebuildScriptCaches (55ms)
			SetupLoadedEditorAssemblies (548ms)
				LogAssemblyErrors (0ms)
				InitializePlatformSupportModulesInManaged (12ms)
				SetLoadedEditorAssemblies (1ms)
				RefreshPlugins (1ms)
				BeforeProcessingInitializeOnLoad (95ms)
				ProcessInitializeOnLoadAttributes (247ms)
				ProcessInitializeOnLoadMethodAttributes (188ms)
				AfterProcessingInitializeOnLoad (2ms)
				EditorAssembliesLoaded (0ms)
			ExecutionOrderSort2 (0ms)
			AwakeInstancesAfterBackupRestoration (12ms)
Platform modules already initialized, skipping
Refreshing native plugins compatible for Editor in 4.72 ms, found 4 plugins.
Preloading 0 native plugins for Editor in 0.00 ms.
Unloading 6063 Unused Serialized files (Serialized files now loaded: 0)
Unloading 67 unused Assets / (0.7 MB). Loaded Objects now: 6687.
Memory consumption went from 234.0 MB to 233.4 MB.
Total: 7.490100 ms (FindLiveObjects: 0.432800 ms CreateObjectMapping: 0.489500 ms MarkObjects: 6.235700 ms  DeleteObjects: 0.331000 ms)

AssetImportParameters requested are different than current active one (requested -> active):
  custom:video-decoder-ogg-theora: a1e56fd34408186e4bbccfd4996cb3dc -> 
  custom:container-muxer-webm: aa71ff27fc2769a1b78a27578f13a17b -> 
  custom:container-demuxer-webm: 4f35f7cbe854078d1ac9338744f61a02 -> 
  custom:video-encoder-webm-vp8: eb34c28f22e8b96e1ab97ce403110664 -> 
  custom:audio-encoder-webm-vorbis: bf7c407c2cedff20999df2af8eb42d56 -> 
  custom:framework-win-MediaFoundation: 216162199b28c13a410421893ffa2e32 -> 
  custom:container-demuxer-ogg: 62fdf1f143b41e24485cea50d1cbac27 -> 
  custom:video-decoder-webm-vp8: 9c59270c3fd7afecdb556c50c9e8de78 -> 
  custom:audio-decoder-ogg-vorbis: bf7c407c2cedff20999df2af8eb42d56 -> 
========================================================================
Received Import Request.
  Time since last request: 436.001180 seconds.
  path: Assets/背景/b2bec95684a5cd84f21bd015c9b0895.png
  artifactKey: Guid(2f7be381b9fe82a439bb0961e6c213a2) Importer(815301076,1909f56bfc062723c751e8b465ee728b)
Start importing Assets/背景/b2bec95684a5cd84f21bd015c9b0895.png using Guid(2f7be381b9fe82a439bb0961e6c213a2) Importer(815301076,1909f56bfc062723c751e8b465ee728b)  -> (artifact id: 'f5935bb760397fd61800b13ba83c73da') in 0.066205 seconds 
========================================================================
Received Import Request.
  Time since last request: 27.664352 seconds.
  path: Assets/Anim
  artifactKey: Guid(e6a1a38a8b9cde548906032c083eed42) Importer(815301076,1909f56bfc062723c751e8b465ee728b)
Start importing Assets/Anim using Guid(e6a1a38a8b9cde548906032c083eed42) Importer(815301076,1909f56bfc062723c751e8b465ee728b)  -> (artifact id: '8c6a068226d785cb4323029d35bd4739') in 0.004222 seconds 
========================================================================
Received Import Request.
  Time since last request: 102.255583 seconds.
  path: Assets/Anim/wsparticle 烟03(wsparticle_smok_爱给网_aigei_com.png
  artifactKey: Guid(95b3d89fcada5c2428e2101670c1251a) Importer(815301076,1909f56bfc062723c751e8b465ee728b)
Start importing Assets/Anim/wsparticle 烟03(wsparticle_smok_爱给网_aigei_com.png using Guid(95b3d89fcada5c2428e2101670c1251a) Importer(815301076,1909f56bfc062723c751e8b465ee728b)  -> (artifact id: '5cc20d2157c77bef3f84743bf1cd690f') in 0.028932 seconds 
========================================================================
Received Import Request.
  Time since last request: 62.868905 seconds.
  path: Assets/Anim/wsparticle 烟03(wsparticle_smok_爱给网_aigei_com.png
  artifactKey: Guid(95b3d89fcada5c2428e2101670c1251a) Importer(815301076,1909f56bfc062723c751e8b465ee728b)
Start importing Assets/Anim/wsparticle 烟03(wsparticle_smok_爱给网_aigei_com.png using Guid(95b3d89fcada5c2428e2101670c1251a) Importer(815301076,1909f56bfc062723c751e8b465ee728b)  -> (artifact id: '259b192fe40e36918b9f8defe9359eec') in 0.009961 seconds 
========================================================================
Received Import Request.
  Time since last request: 185.810671 seconds.
  path: Assets/Anim/Materials
  artifactKey: Guid(fe5da7205c56e9a4bb3e15ac19fc95cf) Importer(815301076,1909f56bfc062723c751e8b465ee728b)
Start importing Assets/Anim/Materials using Guid(fe5da7205c56e9a4bb3e15ac19fc95cf) Importer(815301076,1909f56bfc062723c751e8b465ee728b)  -> (artifact id: '2ffd027c62c4977de34ac013e8836e66') in 0.004641 seconds 
========================================================================
Received Import Request.
  Time since last request: 2.674545 seconds.
  path: Assets/Anim/Materials/wsparticle 烟03(wsparticle_smok_爱给网_aigei_com.mat
  artifactKey: Guid(f09c595cc6e90494bb35309bdf1ba325) Importer(815301076,1909f56bfc062723c751e8b465ee728b)
Start importing Assets/Anim/Materials/wsparticle 烟03(wsparticle_smok_爱给网_aigei_com.mat using Guid(f09c595cc6e90494bb35309bdf1ba325) Importer(815301076,1909f56bfc062723c751e8b465ee728b)  -> (artifact id: 'f0ba57023952782cad91c43721a5e033') in 0.128103 seconds 
========================================================================
Received Import Request.
  Time since last request: 93.860116 seconds.
  path: Assets/背景/繁荣01(boom01)_爱给网_aigei_com.png
  artifactKey: Guid(6d11c35ca5b8f0641983517d97d127eb) Importer(815301076,1909f56bfc062723c751e8b465ee728b)
Start importing Assets/背景/繁荣01(boom01)_爱给网_aigei_com.png using Guid(6d11c35ca5b8f0641983517d97d127eb) Importer(815301076,1909f56bfc062723c751e8b465ee728b)  -> (artifact id: '2e62eadfb6beaf8fdbd50837c73cb07d') in 0.027319 seconds 
========================================================================
Received Import Request.
  Time since last request: 130.832848 seconds.
  path: Assets/素材/Materials/0c5e19d7027f971591253349ade5a02.mat
  artifactKey: Guid(38791bb934d79f84db043b36998e935b) Importer(815301076,1909f56bfc062723c751e8b465ee728b)
Start importing Assets/素材/Materials/0c5e19d7027f971591253349ade5a02.mat using Guid(38791bb934d79f84db043b36998e935b) Importer(815301076,1909f56bfc062723c751e8b465ee728b)  -> (artifact id: '801a7c263aa9611ea25ca57d1ca377f2') in 0.017682 seconds 
========================================================================
Received Import Request.
  Time since last request: 0.000030 seconds.
  path: Assets/素材/Materials/38e45b4bd957b6409e4463eb161b125.mat
  artifactKey: Guid(b0557599dadbf7645b7176b4921f0443) Importer(815301076,1909f56bfc062723c751e8b465ee728b)
Start importing Assets/素材/Materials/38e45b4bd957b6409e4463eb161b125.mat using Guid(b0557599dadbf7645b7176b4921f0443) Importer(815301076,1909f56bfc062723c751e8b465ee728b)  -> (artifact id: '73932013dfff54f10d2ff682931af856') in 0.015042 seconds 
========================================================================
Received Import Request.
  Time since last request: 0.000031 seconds.
  path: Assets/素材/Materials/p-f02_爱给网_aigei_com.mat
  artifactKey: Guid(fea8a75663dcfd44a97f4115a202cebb) Importer(815301076,1909f56bfc062723c751e8b465ee728b)
Start importing Assets/素材/Materials/p-f02_爱给网_aigei_com.mat using Guid(fea8a75663dcfd44a97f4115a202cebb) Importer(815301076,1909f56bfc062723c751e8b465ee728b)  -> (artifact id: '339f6e0a08e38332b9e353a66dfe7210') in 0.012243 seconds 
========================================================================
Received Import Request.
  Time since last request: 0.000019 seconds.
  path: Assets/素材/Materials/acbf463ec78097932ec4f7e5ff22590.mat
  artifactKey: Guid(2c4b70a890cfe3f4c8c7528d78f63daa) Importer(815301076,1909f56bfc062723c751e8b465ee728b)
Start importing Assets/素材/Materials/acbf463ec78097932ec4f7e5ff22590.mat using Guid(2c4b70a890cfe3f4c8c7528d78f63daa) Importer(815301076,1909f56bfc062723c751e8b465ee728b)  -> (artifact id: 'd9bb1cac1cdfb3720f1686da4272ec6c') in 0.015095 seconds 
Editor requested this worker to shutdown with reason: Scaling down because of idle timeout
AssetImportWorker is now disconnected from the server
Process exiting
Exiting without the bug reporter. Application will terminate with return code 0